CRITICAL - 2022-09-28 10:57:06 --> Too few arguments to function App\Controllers\Accounts::get_state(), 0 passed in C:\xampp\htdocs\fuelme\system\CodeIgniter.php on line 825 and exactly 1 expected
#0 C:\xampp\htdocs\fuelme\system\CodeIgniter.php(825): App\Controllers\Accounts->get_state()
#1 C:\xampp\htdocs\fuelme\system\CodeIgniter.php(412): CodeIgniter\CodeIgniter->runController(Object(App\Controllers\Accounts))
#2 C:\xampp\htdocs\fuelme\system\CodeIgniter.php(320): CodeIgniter\CodeIgniter->handleRequest(NULL, Object(Config\Cache), false)
#3 C:\xampp\htdocs\fuelme\index.php(37): CodeIgniter\CodeIgniter->run()
#4 {main}
CRITICAL - 2022-09-28 10:57:25 --> Too few arguments to function App\Controllers\Accounts::get_state(), 0 passed in C:\xampp\htdocs\fuelme\system\CodeIgniter.php on line 825 and exactly 1 expected
#0 C:\xampp\htdocs\fuelme\system\CodeIgniter.php(825): App\Controllers\Accounts->get_state()
#1 C:\xampp\htdocs\fuelme\system\CodeIgniter.php(412): CodeIgniter\CodeIgniter->runController(Object(App\Controllers\Accounts))
#2 C:\xampp\htdocs\fuelme\system\CodeIgniter.php(320): CodeIgniter\CodeIgniter->handleRequest(NULL, Object(Config\Cache), false)
#3 C:\xampp\htdocs\fuelme\index.php(37): CodeIgniter\CodeIgniter->run()
#4 {main}
CRITICAL - 2022-09-28 11:24:35 --> Array to string conversion
#0 C:\xampp\htdocs\fuelme\app\Views\dashboard.php(759): CodeIgniter\Debug\Exceptions->errorHandler(8, 'Array to string...', 'C:\\xampp\\htdocs...', 759, Array)
#1 C:\xampp\htdocs\fuelme\system\View\View.php(210): include('C:\\xampp\\htdocs...')
#2 C:\xampp\htdocs\fuelme\system\View\View.php(213): CodeIgniter\View\View->CodeIgniter\View\{closure}()
#3 C:\xampp\htdocs\fuelme\system\Common.php(1089): CodeIgniter\View\View->render('dashboard', Array, true)
#4 C:\xampp\htdocs\fuelme\app\Controllers\Dashboard.php(28): view('dashboard', Array)
#5 C:\xampp\htdocs\fuelme\system\CodeIgniter.php(825): App\Controllers\Dashboard->index()
#6 C:\xampp\htdocs\fuelme\system\CodeIgniter.php(412): CodeIgniter\CodeIgniter->runController(Object(App\Controllers\Dashboard))
#7 C:\xampp\htdocs\fuelme\system\CodeIgniter.php(320): CodeIgniter\CodeIgniter->handleRequest(NULL, Object(Config\Cache), false)
#8 C:\xampp\htdocs\fuelme\index.php(37): CodeIgniter\CodeIgniter->run()
#9 {main}
CRITICAL - 2022-09-28 11:24:54 --> syntax error, unexpected ';', expecting ')'
#0 C:\xampp\htdocs\fuelme\system\View\View.php(213): CodeIgniter\View\View->CodeIgniter\View\{closure}()
#1 C:\xampp\htdocs\fuelme\system\Common.php(1089): CodeIgniter\View\View->render('dashboard', Array, true)
#2 C:\xampp\htdocs\fuelme\app\Controllers\Dashboard.php(28): view('dashboard', Array)
#3 C:\xampp\htdocs\fuelme\system\CodeIgniter.php(825): App\Controllers\Dashboard->index()
#4 C:\xampp\htdocs\fuelme\system\CodeIgniter.php(412): CodeIgniter\CodeIgniter->runController(Object(App\Controllers\Dashboard))
#5 C:\xampp\htdocs\fuelme\system\CodeIgniter.php(320): CodeIgniter\CodeIgniter->handleRequest(NULL, Object(Config\Cache), false)
#6 C:\xampp\htdocs\fuelme\index.php(37): CodeIgniter\CodeIgniter->run()
#7 {main}
ERROR - 2022-09-28 21:25:49 --> Table 'fuelmedb.fl_course' doesn't exist
CRITICAL - 2022-09-28 21:25:49 --> Table 'fuelmedb.fl_course' doesn't exist
#0 C:\xampp\htdocs\fuelme\system\Database\MySQLi\Connection.php(292): mysqli->query('SELECT *\nFROM `...', 0)
#1 C:\xampp\htdocs\fuelme\system\Database\BaseConnection.php(670): CodeIgniter\Database\MySQLi\Connection->execute('SELECT *\nFROM `...')
#2 C:\xampp\htdocs\fuelme\system\Database\BaseConnection.php(598): CodeIgniter\Database\BaseConnection->simpleQuery('SELECT *\nFROM `...')
#3 C:\xampp\htdocs\fuelme\system\Database\BaseBuilder.php(1455): CodeIgniter\Database\BaseConnection->query('SELECT *\nFROM `...', Array, false)
#4 C:\xampp\htdocs\fuelme\app\Models\Crud.php(99): CodeIgniter\Database\BaseBuilder->get()
#5 C:\xampp\htdocs\fuelme\app\Views\dashboard.php(683): App\Models\Crud->read_single_order('instructors', '3', 'course', 'title', 'desc')
#6 C:\xampp\htdocs\fuelme\system\View\View.php(210): include('C:\\xampp\\htdocs...')
#7 C:\xampp\htdocs\fuelme\system\View\View.php(213): CodeIgniter\View\View->CodeIgniter\View\{closure}()
#8 C:\xampp\htdocs\fuelme\system\Common.php(1089): CodeIgniter\View\View->render('dashboard', Array, true)
#9 C:\xampp\htdocs\fuelme\app\Controllers\Dashboard.php(28): view('dashboard', Array)
#10 C:\xampp\htdocs\fuelme\system\CodeIgniter.php(825): App\Controllers\Dashboard->index()
#11 C:\xampp\htdocs\fuelme\system\CodeIgniter.php(412): CodeIgniter\CodeIgniter->runController(Object(App\Controllers\Dashboard))
#12 C:\xampp\htdocs\fuelme\system\CodeIgniter.php(320): CodeIgniter\CodeIgniter->handleRequest(NULL, Object(Config\Cache), false)
#13 C:\xampp\htdocs\fuelme\index.php(37): CodeIgniter\CodeIgniter->run()
#14 {main}
