CRITICAL - 2022-11-17 09:16:33 --> Trying to get property 'content' of non-object
#0 C:\xampp\htdocs\angel\app\Controllers\Api.php(624): CodeIgniter\Debug\Exceptions->errorHandler(8, 'Trying to get p...', 'C:\\xampp\\htdocs...', 624, Array)
#1 C:\xampp\htdocs\angel\app\Controllers\Api.php(289): App\Controllers\Api->execute('3', '8', 'rhapsody', 'rhapsody', 'from 10 novembe...')
#2 C:\xampp\htdocs\angel\system\CodeIgniter.php(825): App\Controllers\Api->intent()
#3 C:\xampp\htdocs\angel\system\CodeIgniter.php(412): CodeIgniter\CodeIgniter->runController(Object(App\Controllers\Api))
#4 C:\xampp\htdocs\angel\system\CodeIgniter.php(320): CodeIgniter\CodeIgniter->handleRequest(NULL, Object(Config\Cache), false)
#5 C:\xampp\htdocs\angel\index.php(37): CodeIgniter\CodeIgniter->run()
#6 {main}
CRITICAL - 2022-11-17 09:53:05 --> Undefined offset: 3
#0 C:\xampp\htdocs\angel\app\Controllers\Api.php(382): CodeIgniter\Debug\Exceptions->errorHandler(8, 'Undefined offse...', 'C:\\xampp\\htdocs...', 382, Array)
#1 C:\xampp\htdocs\angel\app\Controllers\Api.php(627): App\Controllers\Api->rhapsody_execute(' 2022 november', '8')
#2 C:\xampp\htdocs\angel\app\Controllers\Api.php(289): App\Controllers\Api->execute('3', '8', 'rhapsody', 'rhapsody', 'from 2022 novem...')
#3 C:\xampp\htdocs\angel\system\CodeIgniter.php(825): App\Controllers\Api->intent()
#4 C:\xampp\htdocs\angel\system\CodeIgniter.php(412): CodeIgniter\CodeIgniter->runController(Object(App\Controllers\Api))
#5 C:\xampp\htdocs\angel\system\CodeIgniter.php(320): CodeIgniter\CodeIgniter->handleRequest(NULL, Object(Config\Cache), false)
#6 C:\xampp\htdocs\angel\index.php(37): CodeIgniter\CodeIgniter->run()
#7 {main}
CRITICAL - 2022-11-17 10:13:28 --> Undefined offset: 3
#0 C:\xampp\htdocs\angel\app\Controllers\Api.php(411): CodeIgniter\Debug\Exceptions->errorHandler(8, 'Undefined offse...', 'C:\\xampp\\htdocs...', 411, Array)
#1 C:\xampp\htdocs\angel\app\Controllers\Api.php(661): App\Controllers\Api->rhapsody_execute(' november 14', '8')
#2 C:\xampp\htdocs\angel\app\Controllers\Api.php(289): App\Controllers\Api->execute('3', '8', 'rhapsody', 'rhapsody', 'from november 1...')
#3 C:\xampp\htdocs\angel\system\CodeIgniter.php(825): App\Controllers\Api->intent()
#4 C:\xampp\htdocs\angel\system\CodeIgniter.php(412): CodeIgniter\CodeIgniter->runController(Object(App\Controllers\Api))
#5 C:\xampp\htdocs\angel\system\CodeIgniter.php(320): CodeIgniter\CodeIgniter->handleRequest(NULL, Object(Config\Cache), false)
#6 C:\xampp\htdocs\angel\index.php(37): CodeIgniter\CodeIgniter->run()
#7 {main}
CRITICAL - 2022-11-17 10:25:07 --> Undefined offset: 3
#0 C:\xampp\htdocs\angel\app\Controllers\Api.php(435): CodeIgniter\Debug\Exceptions->errorHandler(8, 'Undefined offse...', 'C:\\xampp\\htdocs...', 435, Array)
#1 C:\xampp\htdocs\angel\app\Controllers\Api.php(674): App\Controllers\Api->rhapsody_execute(' november 2022', '8')
#2 C:\xampp\htdocs\angel\app\Controllers\Api.php(289): App\Controllers\Api->execute('3', '8', 'rhapsody', 'rhapsody', 'from november 2...')
#3 C:\xampp\htdocs\angel\system\CodeIgniter.php(825): App\Controllers\Api->intent()
#4 C:\xampp\htdocs\angel\system\CodeIgniter.php(412): CodeIgniter\CodeIgniter->runController(Object(App\Controllers\Api))
#5 C:\xampp\htdocs\angel\system\CodeIgniter.php(320): CodeIgniter\CodeIgniter->handleRequest(NULL, Object(Config\Cache), false)
#6 C:\xampp\htdocs\angel\index.php(37): CodeIgniter\CodeIgniter->run()
#7 {main}
CRITICAL - 2022-11-17 10:25:54 --> Undefined offset: 3
#0 C:\xampp\htdocs\angel\app\Controllers\Api.php(435): CodeIgniter\Debug\Exceptions->errorHandler(8, 'Undefined offse...', 'C:\\xampp\\htdocs...', 435, Array)
#1 C:\xampp\htdocs\angel\app\Controllers\Api.php(674): App\Controllers\Api->rhapsody_execute(' november 2022', '8')
#2 C:\xampp\htdocs\angel\app\Controllers\Api.php(289): App\Controllers\Api->execute('3', '8', 'rhapsody', 'rhapsody', 'from november 2...')
#3 C:\xampp\htdocs\angel\system\CodeIgniter.php(825): App\Controllers\Api->intent()
#4 C:\xampp\htdocs\angel\system\CodeIgniter.php(412): CodeIgniter\CodeIgniter->runController(Object(App\Controllers\Api))
#5 C:\xampp\htdocs\angel\system\CodeIgniter.php(320): CodeIgniter\CodeIgniter->handleRequest(NULL, Object(Config\Cache), false)
#6 C:\xampp\htdocs\angel\index.php(37): CodeIgniter\CodeIgniter->run()
#7 {main}
CRITICAL - 2022-11-17 10:43:50 --> Too few arguments to function App\Controllers\Dashboard::test(), 0 passed in C:\xampp\htdocs\angel\system\CodeIgniter.php on line 825 and exactly 1 expected
#0 C:\xampp\htdocs\angel\system\CodeIgniter.php(825): App\Controllers\Dashboard->test()
#1 C:\xampp\htdocs\angel\system\CodeIgniter.php(412): CodeIgniter\CodeIgniter->runController(Object(App\Controllers\Dashboard))
#2 C:\xampp\htdocs\angel\system\CodeIgniter.php(320): CodeIgniter\CodeIgniter->handleRequest(NULL, Object(Config\Cache), false)
#3 C:\xampp\htdocs\angel\index.php(37): CodeIgniter\CodeIgniter->run()
#4 {main}
CRITICAL - 2022-11-17 14:54:34 --> Undefined variable: end_date
#0 C:\xampp\htdocs\angel\app\Controllers\Api.php(561): CodeIgniter\Debug\Exceptions->errorHandler(8, 'Undefined varia...', 'C:\\xampp\\htdocs...', 561, Array)
#1 C:\xampp\htdocs\angel\app\Controllers\Api.php(778): App\Controllers\Api->rhapsody_execute('29 november', '8')
#2 C:\xampp\htdocs\angel\app\Controllers\Api.php(289): App\Controllers\Api->execute('3', '8', 'rhapsody', 'rhapsody', 'from 29th of no...')
#3 C:\xampp\htdocs\angel\system\CodeIgniter.php(825): App\Controllers\Api->intent()
#4 C:\xampp\htdocs\angel\system\CodeIgniter.php(412): CodeIgniter\CodeIgniter->runController(Object(App\Controllers\Api))
#5 C:\xampp\htdocs\angel\system\CodeIgniter.php(320): CodeIgniter\CodeIgniter->handleRequest(NULL, Object(Config\Cache), false)
#6 C:\xampp\htdocs\angel\index.php(37): CodeIgniter\CodeIgniter->run()
#7 {main}
CRITICAL - 2022-11-17 15:08:25 --> Undefined variable: start_date
#0 C:\xampp\htdocs\angel\app\Controllers\Api.php(562): CodeIgniter\Debug\Exceptions->errorHandler(8, 'Undefined varia...', 'C:\\xampp\\htdocs...', 562, Array)
#1 C:\xampp\htdocs\angel\app\Controllers\Api.php(777): App\Controllers\Api->rhapsody_execute('29 november 202...', '8')
#2 C:\xampp\htdocs\angel\app\Controllers\Api.php(289): App\Controllers\Api->execute('3', '8', 'rhapsody', 'rhapsody', 'from 29th of no...')
#3 C:\xampp\htdocs\angel\system\CodeIgniter.php(825): App\Controllers\Api->intent()
#4 C:\xampp\htdocs\angel\system\CodeIgniter.php(412): CodeIgniter\CodeIgniter->runController(Object(App\Controllers\Api))
#5 C:\xampp\htdocs\angel\system\CodeIgniter.php(320): CodeIgniter\CodeIgniter->handleRequest(NULL, Object(Config\Cache), false)
#6 C:\xampp\htdocs\angel\index.php(37): CodeIgniter\CodeIgniter->run()
#7 {main}
CRITICAL - 2022-11-17 15:32:43 --> Undefined variable: start_date
#0 C:\xampp\htdocs\angel\app\Controllers\Api.php(572): CodeIgniter\Debug\Exceptions->errorHandler(8, 'Undefined varia...', 'C:\\xampp\\htdocs...', 572, Array)
#1 C:\xampp\htdocs\angel\app\Controllers\Api.php(787): App\Controllers\Api->rhapsody_execute('20 november to', '8')
#2 C:\xampp\htdocs\angel\app\Controllers\Api.php(289): App\Controllers\Api->execute('3', '8', 'rhapsody', 'rhapsody', 'from 20th novem...')
#3 C:\xampp\htdocs\angel\system\CodeIgniter.php(825): App\Controllers\Api->intent()
#4 C:\xampp\htdocs\angel\system\CodeIgniter.php(412): CodeIgniter\CodeIgniter->runController(Object(App\Controllers\Api))
#5 C:\xampp\htdocs\angel\system\CodeIgniter.php(320): CodeIgniter\CodeIgniter->handleRequest(NULL, Object(Config\Cache), false)
#6 C:\xampp\htdocs\angel\index.php(37): CodeIgniter\CodeIgniter->run()
#7 {main}
CRITICAL - 2022-11-17 15:36:34 --> Undefined offset: 3
#0 C:\xampp\htdocs\angel\app\Controllers\Api.php(572): CodeIgniter\Debug\Exceptions->errorHandler(8, 'Undefined offse...', 'C:\\xampp\\htdocs...', 572, Array)
#1 C:\xampp\htdocs\angel\app\Controllers\Api.php(799): App\Controllers\Api->rhapsody_execute(' 20th november', '8')
#2 C:\xampp\htdocs\angel\app\Controllers\Api.php(289): App\Controllers\Api->execute('3', '8', 'rhapsody', 'rhapsody', 'from 20th novem...')
#3 C:\xampp\htdocs\angel\system\CodeIgniter.php(825): App\Controllers\Api->intent()
#4 C:\xampp\htdocs\angel\system\CodeIgniter.php(412): CodeIgniter\CodeIgniter->runController(Object(App\Controllers\Api))
#5 C:\xampp\htdocs\angel\system\CodeIgniter.php(320): CodeIgniter\CodeIgniter->handleRequest(NULL, Object(Config\Cache), false)
#6 C:\xampp\htdocs\angel\index.php(37): CodeIgniter\CodeIgniter->run()
#7 {main}
