CRITICAL - 2022-10-20 11:00:51 --> A non well formed numeric value encountered
#0 C:\xampp\htdocs\fuelme\app\Models\Crud.php(1342): CodeIgniter\Debug\Exceptions->errorHandler(8, 'A non well form...', 'C:\\xampp\\htdocs...', 1342, Array)
#1 C:\xampp\htdocs\fuelme\app\Views\dashboard.php(444): App\Models\Crud->timespan('2022-10-19 16:0...')
#2 C:\xampp\htdocs\fuelme\system\View\View.php(210): include('C:\\xampp\\htdocs...')
#3 C:\xampp\htdocs\fuelme\system\View\View.php(213): CodeIgniter\View\View->CodeIgniter\View\{closure}()
#4 C:\xampp\htdocs\fuelme\system\Common.php(1089): CodeIgniter\View\View->render('dashboard', Array, true)
#5 C:\xampp\htdocs\fuelme\app\Controllers\Dashboard.php(41): view('dashboard', Array)
#6 C:\xampp\htdocs\fuelme\system\CodeIgniter.php(825): App\Controllers\Dashboard->index()
#7 C:\xampp\htdocs\fuelme\system\CodeIgniter.php(412): CodeIgniter\CodeIgniter->runController(Object(App\Controllers\Dashboard))
#8 C:\xampp\htdocs\fuelme\system\CodeIgniter.php(320): CodeIgniter\CodeIgniter->handleRequest(NULL, Object(Config\Cache), false)
#9 C:\xampp\htdocs\fuelme\index.php(37): CodeIgniter\CodeIgniter->run()
#10 {main}
CRITICAL - 2022-10-20 11:03:09 --> Undefined variable: status
#0 C:\xampp\htdocs\fuelme\app\Views\dashboard.php(431): CodeIgniter\Debug\Exceptions->errorHandler(8, 'Undefined varia...', 'C:\\xampp\\htdocs...', 431, Array)
#1 C:\xampp\htdocs\fuelme\system\View\View.php(210): include('C:\\xampp\\htdocs...')
#2 C:\xampp\htdocs\fuelme\system\View\View.php(213): CodeIgniter\View\View->CodeIgniter\View\{closure}()
#3 C:\xampp\htdocs\fuelme\system\Common.php(1089): CodeIgniter\View\View->render('dashboard', Array, true)
#4 C:\xampp\htdocs\fuelme\app\Controllers\Dashboard.php(41): view('dashboard', Array)
#5 C:\xampp\htdocs\fuelme\system\CodeIgniter.php(825): App\Controllers\Dashboard->index()
#6 C:\xampp\htdocs\fuelme\system\CodeIgniter.php(412): CodeIgniter\CodeIgniter->runController(Object(App\Controllers\Dashboard))
#7 C:\xampp\htdocs\fuelme\system\CodeIgniter.php(320): CodeIgniter\CodeIgniter->handleRequest(NULL, Object(Config\Cache), false)
#8 C:\xampp\htdocs\fuelme\index.php(37): CodeIgniter\CodeIgniter->run()
#9 {main}
CRITICAL - 2022-10-20 11:13:42 --> syntax error, unexpected end of file
#0 C:\xampp\htdocs\fuelme\system\View\View.php(213): CodeIgniter\View\View->CodeIgniter\View\{closure}()
#1 C:\xampp\htdocs\fuelme\system\Common.php(1089): CodeIgniter\View\View->render('dashboard', Array, true)
#2 C:\xampp\htdocs\fuelme\app\Controllers\Dashboard.php(41): view('dashboard', Array)
#3 C:\xampp\htdocs\fuelme\system\CodeIgniter.php(825): App\Controllers\Dashboard->index()
#4 C:\xampp\htdocs\fuelme\system\CodeIgniter.php(412): CodeIgniter\CodeIgniter->runController(Object(App\Controllers\Dashboard))
#5 C:\xampp\htdocs\fuelme\system\CodeIgniter.php(320): CodeIgniter\CodeIgniter->handleRequest(NULL, Object(Config\Cache), false)
#6 C:\xampp\htdocs\fuelme\index.php(37): CodeIgniter\CodeIgniter->run()
#7 {main}
CRITICAL - 2022-10-20 20:46:56 --> Undefined variable: e_role_id
#0 C:\xampp\htdocs\fuelme\app\Views\accounts\customer_form.php(108): CodeIgniter\Debug\Exceptions->errorHandler(8, 'Undefined varia...', 'C:\\xampp\\htdocs...', 108, Array)
#1 C:\xampp\htdocs\fuelme\system\View\View.php(210): include('C:\\xampp\\htdocs...')
#2 C:\xampp\htdocs\fuelme\system\View\View.php(213): CodeIgniter\View\View->CodeIgniter\View\{closure}()
#3 C:\xampp\htdocs\fuelme\system\Common.php(1089): CodeIgniter\View\View->render('accounts/custom...', Array, true)
#4 C:\xampp\htdocs\fuelme\app\Controllers\Accounts.php(778): view('accounts/custom...', Array)
#5 C:\xampp\htdocs\fuelme\system\CodeIgniter.php(825): App\Controllers\Accounts->customer('manage', 'edit', '52')
#6 C:\xampp\htdocs\fuelme\system\CodeIgniter.php(412): CodeIgniter\CodeIgniter->runController(Object(App\Controllers\Accounts))
#7 C:\xampp\htdocs\fuelme\system\CodeIgniter.php(320): CodeIgniter\CodeIgniter->handleRequest(NULL, Object(Config\Cache), false)
#8 C:\xampp\htdocs\fuelme\index.php(37): CodeIgniter\CodeIgniter->run()
#9 {main}
CRITICAL - 2022-10-20 20:47:16 --> Undefined variable: e_role_id
#0 C:\xampp\htdocs\fuelme\app\Views\accounts\customer_form.php(108): CodeIgniter\Debug\Exceptions->errorHandler(8, 'Undefined varia...', 'C:\\xampp\\htdocs...', 108, Array)
#1 C:\xampp\htdocs\fuelme\system\View\View.php(210): include('C:\\xampp\\htdocs...')
#2 C:\xampp\htdocs\fuelme\system\View\View.php(213): CodeIgniter\View\View->CodeIgniter\View\{closure}()
#3 C:\xampp\htdocs\fuelme\system\Common.php(1089): CodeIgniter\View\View->render('accounts/custom...', Array, true)
#4 C:\xampp\htdocs\fuelme\app\Controllers\Accounts.php(778): view('accounts/custom...', Array)
#5 C:\xampp\htdocs\fuelme\system\CodeIgniter.php(825): App\Controllers\Accounts->customer('manage', 'edit', '52')
#6 C:\xampp\htdocs\fuelme\system\CodeIgniter.php(412): CodeIgniter\CodeIgniter->runController(Object(App\Controllers\Accounts))
#7 C:\xampp\htdocs\fuelme\system\CodeIgniter.php(320): CodeIgniter\CodeIgniter->handleRequest(NULL, Object(Config\Cache), false)
#8 C:\xampp\htdocs\fuelme\index.php(37): CodeIgniter\CodeIgniter->run()
#9 {main}
CRITICAL - 2022-10-20 21:10:37 --> Cannot redeclare App\Controllers\Wallets::transaction()
#0 [internal function]: CodeIgniter\Debug\Exceptions->shutdownHandler()
#1 {main}
