CRITICAL - 2022-11-10 15:10:04 --> Too few arguments to function App\Controllers\Auth::get_state(), 0 passed in C:\xampp\htdocs\angel\system\CodeIgniter.php on line 825 and exactly 1 expected
#0 C:\xampp\htdocs\angel\system\CodeIgniter.php(825): App\Controllers\Auth->get_state()
#1 C:\xampp\htdocs\angel\system\CodeIgniter.php(412): CodeIgniter\CodeIgniter->runController(Object(App\Controllers\Auth))
#2 C:\xampp\htdocs\angel\system\CodeIgniter.php(320): CodeIgniter\CodeIgniter->handleRequest(NULL, Object(Config\Cache), false)
#3 C:\xampp\htdocs\angel\index.php(37): CodeIgniter\CodeIgniter->run()
#4 {main}
CRITICAL - 2022-11-10 15:10:29 --> Too few arguments to function App\Controllers\Auth::get_state(), 0 passed in C:\xampp\htdocs\angel\system\CodeIgniter.php on line 825 and exactly 1 expected
#0 C:\xampp\htdocs\angel\system\CodeIgniter.php(825): App\Controllers\Auth->get_state()
#1 C:\xampp\htdocs\angel\system\CodeIgniter.php(412): CodeIgniter\CodeIgniter->runController(Object(App\Controllers\Auth))
#2 C:\xampp\htdocs\angel\system\CodeIgniter.php(320): CodeIgniter\CodeIgniter->handleRequest(NULL, Object(Config\Cache), false)
#3 C:\xampp\htdocs\angel\index.php(37): CodeIgniter\CodeIgniter->run()
#4 {main}
ERROR - 2022-11-10 15:10:54 --> Table 'angeldb.an_order' doesn't exist
CRITICAL - 2022-11-10 15:10:54 --> Table 'angeldb.an_order' doesn't exist
#0 C:\xampp\htdocs\angel\system\Database\MySQLi\Connection.php(292): mysqli->query('SELECT COUNT(*)...', 0)
#1 C:\xampp\htdocs\angel\system\Database\BaseConnection.php(670): CodeIgniter\Database\MySQLi\Connection->execute('SELECT COUNT(*)...')
#2 C:\xampp\htdocs\angel\system\Database\BaseConnection.php(598): CodeIgniter\Database\BaseConnection->simpleQuery('SELECT COUNT(*)...')
#3 C:\xampp\htdocs\angel\system\Database\BaseBuilder.php(1539): CodeIgniter\Database\BaseConnection->query('SELECT COUNT(*)...', Array, false)
#4 C:\xampp\htdocs\angel\app\Models\Crud.php(235): CodeIgniter\Database\BaseBuilder->countAllResults()
#5 C:\xampp\htdocs\angel\app\Views\dashboard.php(61): App\Models\Crud->check0('order')
#6 C:\xampp\htdocs\angel\system\View\View.php(210): include('C:\\xampp\\htdocs...')
#7 C:\xampp\htdocs\angel\system\View\View.php(213): CodeIgniter\View\View->CodeIgniter\View\{closure}()
#8 C:\xampp\htdocs\angel\system\Common.php(1089): CodeIgniter\View\View->render('dashboard', Array, true)
#9 C:\xampp\htdocs\angel\app\Controllers\Dashboard.php(41): view('dashboard', Array)
#10 C:\xampp\htdocs\angel\system\CodeIgniter.php(825): App\Controllers\Dashboard->index()
#11 C:\xampp\htdocs\angel\system\CodeIgniter.php(412): CodeIgniter\CodeIgniter->runController(Object(App\Controllers\Dashboard))
#12 C:\xampp\htdocs\angel\system\CodeIgniter.php(320): CodeIgniter\CodeIgniter->handleRequest(NULL, Object(Config\Cache), false)
#13 C:\xampp\htdocs\angel\index.php(37): CodeIgniter\CodeIgniter->run()
#14 {main}
ERROR - 2022-11-10 17:57:26 --> Unknown column 'is_partner' in 'where clause'
CRITICAL - 2022-11-10 17:57:26 --> Unknown column 'is_partner' in 'where clause'
#0 C:\xampp\htdocs\angel\system\Database\MySQLi\Connection.php(292): mysqli->query('SELECT *\nFROM `...', 0)
#1 C:\xampp\htdocs\angel\system\Database\BaseConnection.php(670): CodeIgniter\Database\MySQLi\Connection->execute('SELECT *\nFROM `...')
#2 C:\xampp\htdocs\angel\system\Database\BaseConnection.php(598): CodeIgniter\Database\BaseConnection->simpleQuery('SELECT *\nFROM `...')
#3 C:\xampp\htdocs\angel\system\Database\BaseBuilder.php(1455): CodeIgniter\Database\BaseConnection->query('SELECT *\nFROM `...', Array, false)
#4 C:\xampp\htdocs\angel\app\Models\Crud.php(78): CodeIgniter\Database\BaseBuilder->get()
#5 C:\xampp\htdocs\angel\app\Controllers\Dashboard.php(390): App\Models\Crud->read_single('is_partner', 1, 'user')
#6 C:\xampp\htdocs\angel\system\CodeIgniter.php(825): App\Controllers\Dashboard->least_fuel()
#7 C:\xampp\htdocs\angel\system\CodeIgniter.php(412): CodeIgniter\CodeIgniter->runController(Object(App\Controllers\Dashboard))
#8 C:\xampp\htdocs\angel\system\CodeIgniter.php(320): CodeIgniter\CodeIgniter->handleRequest(NULL, Object(Config\Cache), false)
#9 C:\xampp\htdocs\angel\index.php(37): CodeIgniter\CodeIgniter->run()
#10 {main}
ERROR - 2022-11-10 17:57:26 --> Table 'angeldb.an_category' doesn't exist
CRITICAL - 2022-11-10 17:57:26 --> Table 'angeldb.an_category' doesn't exist
#0 C:\xampp\htdocs\angel\system\Database\MySQLi\Connection.php(292): mysqli->query('SELECT *\nFROM `...', 0)
#1 C:\xampp\htdocs\angel\system\Database\BaseConnection.php(670): CodeIgniter\Database\MySQLi\Connection->execute('SELECT *\nFROM `...')
#2 C:\xampp\htdocs\angel\system\Database\BaseConnection.php(598): CodeIgniter\Database\BaseConnection->simpleQuery('SELECT *\nFROM `...')
#3 C:\xampp\htdocs\angel\system\Database\BaseBuilder.php(1455): CodeIgniter\Database\BaseConnection->query('SELECT *\nFROM `...', Array, false)
#4 C:\xampp\htdocs\angel\app\Models\Crud.php(78): CodeIgniter\Database\BaseBuilder->get()
#5 C:\xampp\htdocs\angel\app\Models\Crud.php(155): App\Models\Crud->read_single('name', 'Petrol', 'category')
#6 C:\xampp\htdocs\angel\app\Controllers\Dashboard.php(120): App\Models\Crud->read_field('name', 'Petrol', 'category', 'id')
#7 C:\xampp\htdocs\angel\system\CodeIgniter.php(825): App\Controllers\Dashboard->sales_qty()
#8 C:\xampp\htdocs\angel\system\CodeIgniter.php(412): CodeIgniter\CodeIgniter->runController(Object(App\Controllers\Dashboard))
#9 C:\xampp\htdocs\angel\system\CodeIgniter.php(320): CodeIgniter\CodeIgniter->handleRequest(NULL, Object(Config\Cache), false)
#10 C:\xampp\htdocs\angel\index.php(37): CodeIgniter\CodeIgniter->run()
#11 {main}
ERROR - 2022-11-10 17:57:26 --> Table 'angeldb.an_order' doesn't exist
CRITICAL - 2022-11-10 17:57:26 --> Table 'angeldb.an_order' doesn't exist
#0 C:\xampp\htdocs\angel\system\Database\MySQLi\Connection.php(292): mysqli->query('SELECT COUNT(*)...', 0)
#1 C:\xampp\htdocs\angel\system\Database\BaseConnection.php(670): CodeIgniter\Database\MySQLi\Connection->execute('SELECT COUNT(*)...')
#2 C:\xampp\htdocs\angel\system\Database\BaseConnection.php(598): CodeIgniter\Database\BaseConnection->simpleQuery('SELECT COUNT(*)...')
#3 C:\xampp\htdocs\angel\system\Database\BaseBuilder.php(1539): CodeIgniter\Database\BaseConnection->query('SELECT COUNT(*)...', Array, false)
#4 C:\xampp\htdocs\angel\app\Models\Crud.php(738): CodeIgniter\Database\BaseBuilder->countAllResults()
#5 C:\xampp\htdocs\angel\app\Controllers\Dashboard.php(58): App\Models\Crud->date_check('2022-01-01', 'reg_date', '2022-01-31', 'reg_date', 'order')
#6 C:\xampp\htdocs\angel\system\CodeIgniter.php(825): App\Controllers\Dashboard->sales_rev()
#7 C:\xampp\htdocs\angel\system\CodeIgniter.php(412): CodeIgniter\CodeIgniter->runController(Object(App\Controllers\Dashboard))
#8 C:\xampp\htdocs\angel\system\CodeIgniter.php(320): CodeIgniter\CodeIgniter->handleRequest(NULL, Object(Config\Cache), false)
#9 C:\xampp\htdocs\angel\index.php(37): CodeIgniter\CodeIgniter->run()
#10 {main}
ERROR - 2022-11-10 17:57:26 --> Unknown column 'is_partner' in 'where clause'
CRITICAL - 2022-11-10 17:57:26 --> Unknown column 'is_partner' in 'where clause'
#0 C:\xampp\htdocs\angel\system\Database\MySQLi\Connection.php(292): mysqli->query('SELECT *\nFROM `...', 0)
#1 C:\xampp\htdocs\angel\system\Database\BaseConnection.php(670): CodeIgniter\Database\MySQLi\Connection->execute('SELECT *\nFROM `...')
#2 C:\xampp\htdocs\angel\system\Database\BaseConnection.php(598): CodeIgniter\Database\BaseConnection->simpleQuery('SELECT *\nFROM `...')
#3 C:\xampp\htdocs\angel\system\Database\BaseBuilder.php(1455): CodeIgniter\Database\BaseConnection->query('SELECT *\nFROM `...', Array, false)
#4 C:\xampp\htdocs\angel\app\Models\Crud.php(78): CodeIgniter\Database\BaseBuilder->get()
#5 C:\xampp\htdocs\angel\app\Controllers\Dashboard.php(302): App\Models\Crud->read_single('is_partner', 1, 'user')
#6 C:\xampp\htdocs\angel\system\CodeIgniter.php(825): App\Controllers\Dashboard->top_fuel()
#7 C:\xampp\htdocs\angel\system\CodeIgniter.php(412): CodeIgniter\CodeIgniter->runController(Object(App\Controllers\Dashboard))
#8 C:\xampp\htdocs\angel\system\CodeIgniter.php(320): CodeIgniter\CodeIgniter->handleRequest(NULL, Object(Config\Cache), false)
#9 C:\xampp\htdocs\angel\index.php(37): CodeIgniter\CodeIgniter->run()
#10 {main}
ERROR - 2022-11-10 17:57:54 --> Table 'angeldb.an_order' doesn't exist
CRITICAL - 2022-11-10 17:57:54 --> Table 'angeldb.an_order' doesn't exist
#0 C:\xampp\htdocs\angel\system\Database\MySQLi\Connection.php(292): mysqli->query('SELECT COUNT(*)...', 0)
#1 C:\xampp\htdocs\angel\system\Database\BaseConnection.php(670): CodeIgniter\Database\MySQLi\Connection->execute('SELECT COUNT(*)...')
#2 C:\xampp\htdocs\angel\system\Database\BaseConnection.php(598): CodeIgniter\Database\BaseConnection->simpleQuery('SELECT COUNT(*)...')
#3 C:\xampp\htdocs\angel\system\Database\BaseBuilder.php(1539): CodeIgniter\Database\BaseConnection->query('SELECT COUNT(*)...', Array, false)
#4 C:\xampp\htdocs\angel\app\Models\Crud.php(738): CodeIgniter\Database\BaseBuilder->countAllResults()
#5 C:\xampp\htdocs\angel\app\Controllers\Dashboard.php(58): App\Models\Crud->date_check('2022-01-01', 'reg_date', '2022-01-31', 'reg_date', 'order')
#6 C:\xampp\htdocs\angel\system\CodeIgniter.php(825): App\Controllers\Dashboard->sales_rev()
#7 C:\xampp\htdocs\angel\system\CodeIgniter.php(412): CodeIgniter\CodeIgniter->runController(Object(App\Controllers\Dashboard))
#8 C:\xampp\htdocs\angel\system\CodeIgniter.php(320): CodeIgniter\CodeIgniter->handleRequest(NULL, Object(Config\Cache), false)
#9 C:\xampp\htdocs\angel\index.php(37): CodeIgniter\CodeIgniter->run()
#10 {main}
ERROR - 2022-11-10 17:57:54 --> Unknown column 'is_partner' in 'where clause'
CRITICAL - 2022-11-10 17:57:54 --> Unknown column 'is_partner' in 'where clause'
#0 C:\xampp\htdocs\angel\system\Database\MySQLi\Connection.php(292): mysqli->query('SELECT *\nFROM `...', 0)
#1 C:\xampp\htdocs\angel\system\Database\BaseConnection.php(670): CodeIgniter\Database\MySQLi\Connection->execute('SELECT *\nFROM `...')
#2 C:\xampp\htdocs\angel\system\Database\BaseConnection.php(598): CodeIgniter\Database\BaseConnection->simpleQuery('SELECT *\nFROM `...')
#3 C:\xampp\htdocs\angel\system\Database\BaseBuilder.php(1455): CodeIgniter\Database\BaseConnection->query('SELECT *\nFROM `...', Array, false)
#4 C:\xampp\htdocs\angel\app\Models\Crud.php(78): CodeIgniter\Database\BaseBuilder->get()
#5 C:\xampp\htdocs\angel\app\Controllers\Dashboard.php(390): App\Models\Crud->read_single('is_partner', 1, 'user')
#6 C:\xampp\htdocs\angel\system\CodeIgniter.php(825): App\Controllers\Dashboard->least_fuel()
#7 C:\xampp\htdocs\angel\system\CodeIgniter.php(412): CodeIgniter\CodeIgniter->runController(Object(App\Controllers\Dashboard))
#8 C:\xampp\htdocs\angel\system\CodeIgniter.php(320): CodeIgniter\CodeIgniter->handleRequest(NULL, Object(Config\Cache), false)
#9 C:\xampp\htdocs\angel\index.php(37): CodeIgniter\CodeIgniter->run()
#10 {main}
ERROR - 2022-11-10 17:57:54 --> Unknown column 'is_partner' in 'where clause'
CRITICAL - 2022-11-10 17:57:54 --> Unknown column 'is_partner' in 'where clause'
#0 C:\xampp\htdocs\angel\system\Database\MySQLi\Connection.php(292): mysqli->query('SELECT *\nFROM `...', 0)
#1 C:\xampp\htdocs\angel\system\Database\BaseConnection.php(670): CodeIgniter\Database\MySQLi\Connection->execute('SELECT *\nFROM `...')
#2 C:\xampp\htdocs\angel\system\Database\BaseConnection.php(598): CodeIgniter\Database\BaseConnection->simpleQuery('SELECT *\nFROM `...')
#3 C:\xampp\htdocs\angel\system\Database\BaseBuilder.php(1455): CodeIgniter\Database\BaseConnection->query('SELECT *\nFROM `...', Array, false)
#4 C:\xampp\htdocs\angel\app\Models\Crud.php(78): CodeIgniter\Database\BaseBuilder->get()
#5 C:\xampp\htdocs\angel\app\Controllers\Dashboard.php(302): App\Models\Crud->read_single('is_partner', 1, 'user')
#6 C:\xampp\htdocs\angel\system\CodeIgniter.php(825): App\Controllers\Dashboard->top_fuel()
#7 C:\xampp\htdocs\angel\system\CodeIgniter.php(412): CodeIgniter\CodeIgniter->runController(Object(App\Controllers\Dashboard))
#8 C:\xampp\htdocs\angel\system\CodeIgniter.php(320): CodeIgniter\CodeIgniter->handleRequest(NULL, Object(Config\Cache), false)
#9 C:\xampp\htdocs\angel\index.php(37): CodeIgniter\CodeIgniter->run()
#10 {main}
ERROR - 2022-11-10 17:57:54 --> Table 'angeldb.an_category' doesn't exist
CRITICAL - 2022-11-10 17:57:54 --> Table 'angeldb.an_category' doesn't exist
#0 C:\xampp\htdocs\angel\system\Database\MySQLi\Connection.php(292): mysqli->query('SELECT *\nFROM `...', 0)
#1 C:\xampp\htdocs\angel\system\Database\BaseConnection.php(670): CodeIgniter\Database\MySQLi\Connection->execute('SELECT *\nFROM `...')
#2 C:\xampp\htdocs\angel\system\Database\BaseConnection.php(598): CodeIgniter\Database\BaseConnection->simpleQuery('SELECT *\nFROM `...')
#3 C:\xampp\htdocs\angel\system\Database\BaseBuilder.php(1455): CodeIgniter\Database\BaseConnection->query('SELECT *\nFROM `...', Array, false)
#4 C:\xampp\htdocs\angel\app\Models\Crud.php(78): CodeIgniter\Database\BaseBuilder->get()
#5 C:\xampp\htdocs\angel\app\Models\Crud.php(155): App\Models\Crud->read_single('name', 'Petrol', 'category')
#6 C:\xampp\htdocs\angel\app\Controllers\Dashboard.php(120): App\Models\Crud->read_field('name', 'Petrol', 'category', 'id')
#7 C:\xampp\htdocs\angel\system\CodeIgniter.php(825): App\Controllers\Dashboard->sales_qty()
#8 C:\xampp\htdocs\angel\system\CodeIgniter.php(412): CodeIgniter\CodeIgniter->runController(Object(App\Controllers\Dashboard))
#9 C:\xampp\htdocs\angel\system\CodeIgniter.php(320): CodeIgniter\CodeIgniter->handleRequest(NULL, Object(Config\Cache), false)
#10 C:\xampp\htdocs\angel\index.php(37): CodeIgniter\CodeIgniter->run()
#11 {main}
ERROR - 2022-11-10 18:00:30 --> Unknown column 'is_partner' in 'where clause'
CRITICAL - 2022-11-10 18:00:30 --> Unknown column 'is_partner' in 'where clause'
#0 C:\xampp\htdocs\angel\system\Database\MySQLi\Connection.php(292): mysqli->query('SELECT *\nFROM `...', 0)
#1 C:\xampp\htdocs\angel\system\Database\BaseConnection.php(670): CodeIgniter\Database\MySQLi\Connection->execute('SELECT *\nFROM `...')
#2 C:\xampp\htdocs\angel\system\Database\BaseConnection.php(598): CodeIgniter\Database\BaseConnection->simpleQuery('SELECT *\nFROM `...')
#3 C:\xampp\htdocs\angel\system\Database\BaseBuilder.php(1455): CodeIgniter\Database\BaseConnection->query('SELECT *\nFROM `...', Array, false)
#4 C:\xampp\htdocs\angel\app\Models\Crud.php(78): CodeIgniter\Database\BaseBuilder->get()
#5 C:\xampp\htdocs\angel\app\Controllers\Dashboard.php(302): App\Models\Crud->read_single('is_partner', 1, 'user')
#6 C:\xampp\htdocs\angel\system\CodeIgniter.php(825): App\Controllers\Dashboard->top_fuel()
#7 C:\xampp\htdocs\angel\system\CodeIgniter.php(412): CodeIgniter\CodeIgniter->runController(Object(App\Controllers\Dashboard))
#8 C:\xampp\htdocs\angel\system\CodeIgniter.php(320): CodeIgniter\CodeIgniter->handleRequest(NULL, Object(Config\Cache), false)
#9 C:\xampp\htdocs\angel\index.php(37): CodeIgniter\CodeIgniter->run()
#10 {main}
ERROR - 2022-11-10 18:00:30 --> Table 'angeldb.an_category' doesn't exist
CRITICAL - 2022-11-10 18:00:30 --> Table 'angeldb.an_category' doesn't exist
#0 C:\xampp\htdocs\angel\system\Database\MySQLi\Connection.php(292): mysqli->query('SELECT *\nFROM `...', 0)
#1 C:\xampp\htdocs\angel\system\Database\BaseConnection.php(670): CodeIgniter\Database\MySQLi\Connection->execute('SELECT *\nFROM `...')
#2 C:\xampp\htdocs\angel\system\Database\BaseConnection.php(598): CodeIgniter\Database\BaseConnection->simpleQuery('SELECT *\nFROM `...')
#3 C:\xampp\htdocs\angel\system\Database\BaseBuilder.php(1455): CodeIgniter\Database\BaseConnection->query('SELECT *\nFROM `...', Array, false)
#4 C:\xampp\htdocs\angel\app\Models\Crud.php(78): CodeIgniter\Database\BaseBuilder->get()
#5 C:\xampp\htdocs\angel\app\Models\Crud.php(155): App\Models\Crud->read_single('name', 'Petrol', 'category')
#6 C:\xampp\htdocs\angel\app\Controllers\Dashboard.php(120): App\Models\Crud->read_field('name', 'Petrol', 'category', 'id')
#7 C:\xampp\htdocs\angel\system\CodeIgniter.php(825): App\Controllers\Dashboard->sales_qty()
#8 C:\xampp\htdocs\angel\system\CodeIgniter.php(412): CodeIgniter\CodeIgniter->runController(Object(App\Controllers\Dashboard))
#9 C:\xampp\htdocs\angel\system\CodeIgniter.php(320): CodeIgniter\CodeIgniter->handleRequest(NULL, Object(Config\Cache), false)
#10 C:\xampp\htdocs\angel\index.php(37): CodeIgniter\CodeIgniter->run()
#11 {main}
ERROR - 2022-11-10 18:00:30 --> Table 'angeldb.an_order' doesn't exist
CRITICAL - 2022-11-10 18:00:30 --> Table 'angeldb.an_order' doesn't exist
#0 C:\xampp\htdocs\angel\system\Database\MySQLi\Connection.php(292): mysqli->query('SELECT COUNT(*)...', 0)
#1 C:\xampp\htdocs\angel\system\Database\BaseConnection.php(670): CodeIgniter\Database\MySQLi\Connection->execute('SELECT COUNT(*)...')
#2 C:\xampp\htdocs\angel\system\Database\BaseConnection.php(598): CodeIgniter\Database\BaseConnection->simpleQuery('SELECT COUNT(*)...')
#3 C:\xampp\htdocs\angel\system\Database\BaseBuilder.php(1539): CodeIgniter\Database\BaseConnection->query('SELECT COUNT(*)...', Array, false)
#4 C:\xampp\htdocs\angel\app\Models\Crud.php(738): CodeIgniter\Database\BaseBuilder->countAllResults()
#5 C:\xampp\htdocs\angel\app\Controllers\Dashboard.php(58): App\Models\Crud->date_check('2022-01-01', 'reg_date', '2022-01-31', 'reg_date', 'order')
#6 C:\xampp\htdocs\angel\system\CodeIgniter.php(825): App\Controllers\Dashboard->sales_rev()
#7 C:\xampp\htdocs\angel\system\CodeIgniter.php(412): CodeIgniter\CodeIgniter->runController(Object(App\Controllers\Dashboard))
#8 C:\xampp\htdocs\angel\system\CodeIgniter.php(320): CodeIgniter\CodeIgniter->handleRequest(NULL, Object(Config\Cache), false)
#9 C:\xampp\htdocs\angel\index.php(37): CodeIgniter\CodeIgniter->run()
#10 {main}
ERROR - 2022-11-10 18:00:30 --> Unknown column 'is_partner' in 'where clause'
CRITICAL - 2022-11-10 18:00:30 --> Unknown column 'is_partner' in 'where clause'
#0 C:\xampp\htdocs\angel\system\Database\MySQLi\Connection.php(292): mysqli->query('SELECT *\nFROM `...', 0)
#1 C:\xampp\htdocs\angel\system\Database\BaseConnection.php(670): CodeIgniter\Database\MySQLi\Connection->execute('SELECT *\nFROM `...')
#2 C:\xampp\htdocs\angel\system\Database\BaseConnection.php(598): CodeIgniter\Database\BaseConnection->simpleQuery('SELECT *\nFROM `...')
#3 C:\xampp\htdocs\angel\system\Database\BaseBuilder.php(1455): CodeIgniter\Database\BaseConnection->query('SELECT *\nFROM `...', Array, false)
#4 C:\xampp\htdocs\angel\app\Models\Crud.php(78): CodeIgniter\Database\BaseBuilder->get()
#5 C:\xampp\htdocs\angel\app\Controllers\Dashboard.php(390): App\Models\Crud->read_single('is_partner', 1, 'user')
#6 C:\xampp\htdocs\angel\system\CodeIgniter.php(825): App\Controllers\Dashboard->least_fuel()
#7 C:\xampp\htdocs\angel\system\CodeIgniter.php(412): CodeIgniter\CodeIgniter->runController(Object(App\Controllers\Dashboard))
#8 C:\xampp\htdocs\angel\system\CodeIgniter.php(320): CodeIgniter\CodeIgniter->handleRequest(NULL, Object(Config\Cache), false)
#9 C:\xampp\htdocs\angel\index.php(37): CodeIgniter\CodeIgniter->run()
#10 {main}
ERROR - 2022-11-10 18:18:36 --> Unknown column 'is_partner' in 'where clause'
CRITICAL - 2022-11-10 18:18:36 --> Unknown column 'is_partner' in 'where clause'
#0 C:\xampp\htdocs\angel\system\Database\MySQLi\Connection.php(292): mysqli->query('SELECT *\nFROM `...', 0)
#1 C:\xampp\htdocs\angel\system\Database\BaseConnection.php(670): CodeIgniter\Database\MySQLi\Connection->execute('SELECT *\nFROM `...')
#2 C:\xampp\htdocs\angel\system\Database\BaseConnection.php(598): CodeIgniter\Database\BaseConnection->simpleQuery('SELECT *\nFROM `...')
#3 C:\xampp\htdocs\angel\system\Database\BaseBuilder.php(1455): CodeIgniter\Database\BaseConnection->query('SELECT *\nFROM `...', Array, false)
#4 C:\xampp\htdocs\angel\app\Models\Crud.php(78): CodeIgniter\Database\BaseBuilder->get()
#5 C:\xampp\htdocs\angel\app\Controllers\Dashboard.php(302): App\Models\Crud->read_single('is_partner', 1, 'user')
#6 C:\xampp\htdocs\angel\system\CodeIgniter.php(825): App\Controllers\Dashboard->top_fuel()
#7 C:\xampp\htdocs\angel\system\CodeIgniter.php(412): CodeIgniter\CodeIgniter->runController(Object(App\Controllers\Dashboard))
#8 C:\xampp\htdocs\angel\system\CodeIgniter.php(320): CodeIgniter\CodeIgniter->handleRequest(NULL, Object(Config\Cache), false)
#9 C:\xampp\htdocs\angel\index.php(37): CodeIgniter\CodeIgniter->run()
#10 {main}
ERROR - 2022-11-10 18:18:36 --> Table 'angeldb.an_order' doesn't exist
CRITICAL - 2022-11-10 18:18:36 --> Table 'angeldb.an_order' doesn't exist
#0 C:\xampp\htdocs\angel\system\Database\MySQLi\Connection.php(292): mysqli->query('SELECT COUNT(*)...', 0)
#1 C:\xampp\htdocs\angel\system\Database\BaseConnection.php(670): CodeIgniter\Database\MySQLi\Connection->execute('SELECT COUNT(*)...')
#2 C:\xampp\htdocs\angel\system\Database\BaseConnection.php(598): CodeIgniter\Database\BaseConnection->simpleQuery('SELECT COUNT(*)...')
#3 C:\xampp\htdocs\angel\system\Database\BaseBuilder.php(1539): CodeIgniter\Database\BaseConnection->query('SELECT COUNT(*)...', Array, false)
#4 C:\xampp\htdocs\angel\app\Models\Crud.php(738): CodeIgniter\Database\BaseBuilder->countAllResults()
#5 C:\xampp\htdocs\angel\app\Controllers\Dashboard.php(58): App\Models\Crud->date_check('2022-01-01', 'reg_date', '2022-01-31', 'reg_date', 'order')
#6 C:\xampp\htdocs\angel\system\CodeIgniter.php(825): App\Controllers\Dashboard->sales_rev()
#7 C:\xampp\htdocs\angel\system\CodeIgniter.php(412): CodeIgniter\CodeIgniter->runController(Object(App\Controllers\Dashboard))
#8 C:\xampp\htdocs\angel\system\CodeIgniter.php(320): CodeIgniter\CodeIgniter->handleRequest(NULL, Object(Config\Cache), false)
#9 C:\xampp\htdocs\angel\index.php(37): CodeIgniter\CodeIgniter->run()
#10 {main}
ERROR - 2022-11-10 18:18:36 --> Unknown column 'is_partner' in 'where clause'
CRITICAL - 2022-11-10 18:18:36 --> Unknown column 'is_partner' in 'where clause'
#0 C:\xampp\htdocs\angel\system\Database\MySQLi\Connection.php(292): mysqli->query('SELECT *\nFROM `...', 0)
#1 C:\xampp\htdocs\angel\system\Database\BaseConnection.php(670): CodeIgniter\Database\MySQLi\Connection->execute('SELECT *\nFROM `...')
#2 C:\xampp\htdocs\angel\system\Database\BaseConnection.php(598): CodeIgniter\Database\BaseConnection->simpleQuery('SELECT *\nFROM `...')
#3 C:\xampp\htdocs\angel\system\Database\BaseBuilder.php(1455): CodeIgniter\Database\BaseConnection->query('SELECT *\nFROM `...', Array, false)
#4 C:\xampp\htdocs\angel\app\Models\Crud.php(78): CodeIgniter\Database\BaseBuilder->get()
#5 C:\xampp\htdocs\angel\app\Controllers\Dashboard.php(390): App\Models\Crud->read_single('is_partner', 1, 'user')
#6 C:\xampp\htdocs\angel\system\CodeIgniter.php(825): App\Controllers\Dashboard->least_fuel()
#7 C:\xampp\htdocs\angel\system\CodeIgniter.php(412): CodeIgniter\CodeIgniter->runController(Object(App\Controllers\Dashboard))
#8 C:\xampp\htdocs\angel\system\CodeIgniter.php(320): CodeIgniter\CodeIgniter->handleRequest(NULL, Object(Config\Cache), false)
#9 C:\xampp\htdocs\angel\index.php(37): CodeIgniter\CodeIgniter->run()
#10 {main}
ERROR - 2022-11-10 18:18:36 --> Table 'angeldb.an_category' doesn't exist
CRITICAL - 2022-11-10 18:18:36 --> Table 'angeldb.an_category' doesn't exist
#0 C:\xampp\htdocs\angel\system\Database\MySQLi\Connection.php(292): mysqli->query('SELECT *\nFROM `...', 0)
#1 C:\xampp\htdocs\angel\system\Database\BaseConnection.php(670): CodeIgniter\Database\MySQLi\Connection->execute('SELECT *\nFROM `...')
#2 C:\xampp\htdocs\angel\system\Database\BaseConnection.php(598): CodeIgniter\Database\BaseConnection->simpleQuery('SELECT *\nFROM `...')
#3 C:\xampp\htdocs\angel\system\Database\BaseBuilder.php(1455): CodeIgniter\Database\BaseConnection->query('SELECT *\nFROM `...', Array, false)
#4 C:\xampp\htdocs\angel\app\Models\Crud.php(78): CodeIgniter\Database\BaseBuilder->get()
#5 C:\xampp\htdocs\angel\app\Models\Crud.php(155): App\Models\Crud->read_single('name', 'Petrol', 'category')
#6 C:\xampp\htdocs\angel\app\Controllers\Dashboard.php(120): App\Models\Crud->read_field('name', 'Petrol', 'category', 'id')
#7 C:\xampp\htdocs\angel\system\CodeIgniter.php(825): App\Controllers\Dashboard->sales_qty()
#8 C:\xampp\htdocs\angel\system\CodeIgniter.php(412): CodeIgniter\CodeIgniter->runController(Object(App\Controllers\Dashboard))
#9 C:\xampp\htdocs\angel\system\CodeIgniter.php(320): CodeIgniter\CodeIgniter->handleRequest(NULL, Object(Config\Cache), false)
#10 C:\xampp\htdocs\angel\index.php(37): CodeIgniter\CodeIgniter->run()
#11 {main}
ERROR - 2022-11-10 18:18:40 --> Table 'angeldb.an_branch' doesn't exist
CRITICAL - 2022-11-10 18:18:40 --> Table 'angeldb.an_branch' doesn't exist
#0 C:\xampp\htdocs\angel\system\Database\MySQLi\Connection.php(292): mysqli->query('SELECT *\nFROM `...', 0)
#1 C:\xampp\htdocs\angel\system\Database\BaseConnection.php(670): CodeIgniter\Database\MySQLi\Connection->execute('SELECT *\nFROM `...')
#2 C:\xampp\htdocs\angel\system\Database\BaseConnection.php(598): CodeIgniter\Database\BaseConnection->simpleQuery('SELECT *\nFROM `...')
#3 C:\xampp\htdocs\angel\system\Database\BaseBuilder.php(1455): CodeIgniter\Database\BaseConnection->query('SELECT *\nFROM `...', Array, false)
#4 C:\xampp\htdocs\angel\app\Models\Crud.php(1195): CodeIgniter\Database\BaseBuilder->get()
#5 C:\xampp\htdocs\angel\app\Views\rhapsody\list.php(21): App\Models\Crud->filter_branch('', '', '3', '', '')
#6 C:\xampp\htdocs\angel\system\View\View.php(210): include('C:\\xampp\\htdocs...')
#7 C:\xampp\htdocs\angel\system\View\View.php(213): CodeIgniter\View\View->CodeIgniter\View\{closure}()
#8 C:\xampp\htdocs\angel\system\Common.php(1089): CodeIgniter\View\View->render('rhapsody/list', Array, true)
#9 C:\xampp\htdocs\angel\app\Controllers\Rhapsody.php(292): view('rhapsody/list', Array)
#10 C:\xampp\htdocs\angel\system\CodeIgniter.php(825): App\Controllers\Rhapsody->list()
#11 C:\xampp\htdocs\angel\system\CodeIgniter.php(412): CodeIgniter\CodeIgniter->runController(Object(App\Controllers\Rhapsody))
#12 C:\xampp\htdocs\angel\system\CodeIgniter.php(320): CodeIgniter\CodeIgniter->handleRequest(NULL, Object(Config\Cache), false)
#13 C:\xampp\htdocs\angel\index.php(37): CodeIgniter\CodeIgniter->run()
#14 {main}
ERROR - 2022-11-10 18:24:31 --> Table 'angeldb.an_pump' doesn't exist
CRITICAL - 2022-11-10 18:24:31 --> Table 'angeldb.an_pump' doesn't exist
#0 C:\xampp\htdocs\angel\system\Database\MySQLi\Connection.php(292): mysqli->query('SELECT *\nFROM `...', 0)
#1 C:\xampp\htdocs\angel\system\Database\BaseConnection.php(670): CodeIgniter\Database\MySQLi\Connection->execute('SELECT *\nFROM `...')
#2 C:\xampp\htdocs\angel\system\Database\BaseConnection.php(598): CodeIgniter\Database\BaseConnection->simpleQuery('SELECT *\nFROM `...')
#3 C:\xampp\htdocs\angel\system\Database\BaseBuilder.php(1455): CodeIgniter\Database\BaseConnection->query('SELECT *\nFROM `...', Array, false)
#4 C:\xampp\htdocs\angel\app\Models\Crud.php(1160): CodeIgniter\Database\BaseBuilder->get()
#5 C:\xampp\htdocs\angel\app\Controllers\Rhapsody.php(183): App\Models\Crud->filter_pump('', '', '3', '', '')
#6 C:\xampp\htdocs\angel\system\CodeIgniter.php(825): App\Controllers\Rhapsody->list('load')
#7 C:\xampp\htdocs\angel\system\CodeIgniter.php(412): CodeIgniter\CodeIgniter->runController(Object(App\Controllers\Rhapsody))
#8 C:\xampp\htdocs\angel\system\CodeIgniter.php(320): CodeIgniter\CodeIgniter->handleRequest(NULL, Object(Config\Cache), false)
#9 C:\xampp\htdocs\angel\index.php(37): CodeIgniter\CodeIgniter->run()
#10 {main}
ERROR - 2022-11-10 18:24:59 --> Table 'angeldb.an_pump' doesn't exist
CRITICAL - 2022-11-10 18:24:59 --> Table 'angeldb.an_pump' doesn't exist
#0 C:\xampp\htdocs\angel\system\Database\MySQLi\Connection.php(292): mysqli->query('SELECT *\nFROM `...', 0)
#1 C:\xampp\htdocs\angel\system\Database\BaseConnection.php(670): CodeIgniter\Database\MySQLi\Connection->execute('SELECT *\nFROM `...')
#2 C:\xampp\htdocs\angel\system\Database\BaseConnection.php(598): CodeIgniter\Database\BaseConnection->simpleQuery('SELECT *\nFROM `...')
#3 C:\xampp\htdocs\angel\system\Database\BaseBuilder.php(1455): CodeIgniter\Database\BaseConnection->query('SELECT *\nFROM `...', Array, false)
#4 C:\xampp\htdocs\angel\app\Models\Crud.php(1160): CodeIgniter\Database\BaseBuilder->get()
#5 C:\xampp\htdocs\angel\app\Controllers\Rhapsody.php(183): App\Models\Crud->filter_pump('', '', '3', '', '')
#6 C:\xampp\htdocs\angel\system\CodeIgniter.php(825): App\Controllers\Rhapsody->list('load')
#7 C:\xampp\htdocs\angel\system\CodeIgniter.php(412): CodeIgniter\CodeIgniter->runController(Object(App\Controllers\Rhapsody))
#8 C:\xampp\htdocs\angel\system\CodeIgniter.php(320): CodeIgniter\CodeIgniter->handleRequest(NULL, Object(Config\Cache), false)
#9 C:\xampp\htdocs\angel\index.php(37): CodeIgniter\CodeIgniter->run()
#10 {main}
ERROR - 2022-11-10 18:30:04 --> Table 'angeldb.an_pump' doesn't exist
CRITICAL - 2022-11-10 18:30:04 --> Table 'angeldb.an_pump' doesn't exist
#0 C:\xampp\htdocs\angel\system\Database\MySQLi\Connection.php(292): mysqli->query('SELECT *\nFROM `...', 0)
#1 C:\xampp\htdocs\angel\system\Database\BaseConnection.php(670): CodeIgniter\Database\MySQLi\Connection->execute('SELECT *\nFROM `...')
#2 C:\xampp\htdocs\angel\system\Database\BaseConnection.php(598): CodeIgniter\Database\BaseConnection->simpleQuery('SELECT *\nFROM `...')
#3 C:\xampp\htdocs\angel\system\Database\BaseBuilder.php(1455): CodeIgniter\Database\BaseConnection->query('SELECT *\nFROM `...', Array, false)
#4 C:\xampp\htdocs\angel\app\Models\Crud.php(1160): CodeIgniter\Database\BaseBuilder->get()
#5 C:\xampp\htdocs\angel\app\Controllers\Rhapsody.php(183): App\Models\Crud->filter_pump('', '', '3', '', '')
#6 C:\xampp\htdocs\angel\system\CodeIgniter.php(825): App\Controllers\Rhapsody->list('load')
#7 C:\xampp\htdocs\angel\system\CodeIgniter.php(412): CodeIgniter\CodeIgniter->runController(Object(App\Controllers\Rhapsody))
#8 C:\xampp\htdocs\angel\system\CodeIgniter.php(320): CodeIgniter\CodeIgniter->handleRequest(NULL, Object(Config\Cache), false)
#9 C:\xampp\htdocs\angel\index.php(37): CodeIgniter\CodeIgniter->run()
#10 {main}
ERROR - 2022-11-10 18:31:16 --> Table 'angeldb.an_support' doesn't exist
CRITICAL - 2022-11-10 18:31:16 --> Table 'angeldb.an_support' doesn't exist
#0 C:\xampp\htdocs\angel\system\Database\MySQLi\Connection.php(292): mysqli->query('SELECT *\nFROM `...', 0)
#1 C:\xampp\htdocs\angel\system\Database\BaseConnection.php(670): CodeIgniter\Database\MySQLi\Connection->execute('SELECT *\nFROM `...')
#2 C:\xampp\htdocs\angel\system\Database\BaseConnection.php(598): CodeIgniter\Database\BaseConnection->simpleQuery('SELECT *\nFROM `...')
#3 C:\xampp\htdocs\angel\system\Database\BaseBuilder.php(1455): CodeIgniter\Database\BaseConnection->query('SELECT *\nFROM `...', Array, false)
#4 C:\xampp\htdocs\angel\app\Models\Crud.php(1039): CodeIgniter\Database\BaseBuilder->get()
#5 C:\xampp\htdocs\angel\app\Controllers\Rhapsody.php(182): App\Models\Crud->filter_rhapsody('', '', '3', '')
#6 C:\xampp\htdocs\angel\system\CodeIgniter.php(825): App\Controllers\Rhapsody->list('load')
#7 C:\xampp\htdocs\angel\system\CodeIgniter.php(412): CodeIgniter\CodeIgniter->runController(Object(App\Controllers\Rhapsody))
#8 C:\xampp\htdocs\angel\system\CodeIgniter.php(320): CodeIgniter\CodeIgniter->handleRequest(NULL, Object(Config\Cache), false)
#9 C:\xampp\htdocs\angel\index.php(37): CodeIgniter\CodeIgniter->run()
#10 {main}
ERROR - 2022-11-10 18:31:25 --> Table 'angeldb.an_support' doesn't exist
CRITICAL - 2022-11-10 18:31:25 --> Table 'angeldb.an_support' doesn't exist
#0 C:\xampp\htdocs\angel\system\Database\MySQLi\Connection.php(292): mysqli->query('SELECT *\nFROM `...', 0)
#1 C:\xampp\htdocs\angel\system\Database\BaseConnection.php(670): CodeIgniter\Database\MySQLi\Connection->execute('SELECT *\nFROM `...')
#2 C:\xampp\htdocs\angel\system\Database\BaseConnection.php(598): CodeIgniter\Database\BaseConnection->simpleQuery('SELECT *\nFROM `...')
#3 C:\xampp\htdocs\angel\system\Database\BaseBuilder.php(1455): CodeIgniter\Database\BaseConnection->query('SELECT *\nFROM `...', Array, false)
#4 C:\xampp\htdocs\angel\app\Models\Crud.php(1039): CodeIgniter\Database\BaseBuilder->get()
#5 C:\xampp\htdocs\angel\app\Controllers\Rhapsody.php(182): App\Models\Crud->filter_rhapsody('', '', '3', '')
#6 C:\xampp\htdocs\angel\system\CodeIgniter.php(825): App\Controllers\Rhapsody->list('load')
#7 C:\xampp\htdocs\angel\system\CodeIgniter.php(412): CodeIgniter\CodeIgniter->runController(Object(App\Controllers\Rhapsody))
#8 C:\xampp\htdocs\angel\system\CodeIgniter.php(320): CodeIgniter\CodeIgniter->handleRequest(NULL, Object(Config\Cache), false)
#9 C:\xampp\htdocs\angel\index.php(37): CodeIgniter\CodeIgniter->run()
#10 {main}
ERROR - 2022-11-10 18:32:49 --> Table 'angeldb.an_order' doesn't exist
CRITICAL - 2022-11-10 18:32:49 --> Table 'angeldb.an_order' doesn't exist
#0 C:\xampp\htdocs\angel\system\Database\MySQLi\Connection.php(292): mysqli->query('SELECT COUNT(*)...', 0)
#1 C:\xampp\htdocs\angel\system\Database\BaseConnection.php(670): CodeIgniter\Database\MySQLi\Connection->execute('SELECT COUNT(*)...')
#2 C:\xampp\htdocs\angel\system\Database\BaseConnection.php(598): CodeIgniter\Database\BaseConnection->simpleQuery('SELECT COUNT(*)...')
#3 C:\xampp\htdocs\angel\system\Database\BaseBuilder.php(1539): CodeIgniter\Database\BaseConnection->query('SELECT COUNT(*)...', Array, false)
#4 C:\xampp\htdocs\angel\app\Models\Crud.php(738): CodeIgniter\Database\BaseBuilder->countAllResults()
#5 C:\xampp\htdocs\angel\app\Controllers\Dashboard.php(58): App\Models\Crud->date_check('2022-01-01', 'reg_date', '2022-01-31', 'reg_date', 'order')
#6 C:\xampp\htdocs\angel\system\CodeIgniter.php(825): App\Controllers\Dashboard->sales_rev()
#7 C:\xampp\htdocs\angel\system\CodeIgniter.php(412): CodeIgniter\CodeIgniter->runController(Object(App\Controllers\Dashboard))
#8 C:\xampp\htdocs\angel\system\CodeIgniter.php(320): CodeIgniter\CodeIgniter->handleRequest(NULL, Object(Config\Cache), false)
#9 C:\xampp\htdocs\angel\index.php(37): CodeIgniter\CodeIgniter->run()
#10 {main}
ERROR - 2022-11-10 18:32:49 --> Table 'angeldb.an_category' doesn't exist
CRITICAL - 2022-11-10 18:32:49 --> Table 'angeldb.an_category' doesn't exist
#0 C:\xampp\htdocs\angel\system\Database\MySQLi\Connection.php(292): mysqli->query('SELECT *\nFROM `...', 0)
#1 C:\xampp\htdocs\angel\system\Database\BaseConnection.php(670): CodeIgniter\Database\MySQLi\Connection->execute('SELECT *\nFROM `...')
#2 C:\xampp\htdocs\angel\system\Database\BaseConnection.php(598): CodeIgniter\Database\BaseConnection->simpleQuery('SELECT *\nFROM `...')
#3 C:\xampp\htdocs\angel\system\Database\BaseBuilder.php(1455): CodeIgniter\Database\BaseConnection->query('SELECT *\nFROM `...', Array, false)
#4 C:\xampp\htdocs\angel\app\Models\Crud.php(78): CodeIgniter\Database\BaseBuilder->get()
#5 C:\xampp\htdocs\angel\app\Models\Crud.php(155): App\Models\Crud->read_single('name', 'Petrol', 'category')
#6 C:\xampp\htdocs\angel\app\Controllers\Dashboard.php(120): App\Models\Crud->read_field('name', 'Petrol', 'category', 'id')
#7 C:\xampp\htdocs\angel\system\CodeIgniter.php(825): App\Controllers\Dashboard->sales_qty()
#8 C:\xampp\htdocs\angel\system\CodeIgniter.php(412): CodeIgniter\CodeIgniter->runController(Object(App\Controllers\Dashboard))
#9 C:\xampp\htdocs\angel\system\CodeIgniter.php(320): CodeIgniter\CodeIgniter->handleRequest(NULL, Object(Config\Cache), false)
#10 C:\xampp\htdocs\angel\index.php(37): CodeIgniter\CodeIgniter->run()
#11 {main}
ERROR - 2022-11-10 18:32:49 --> Unknown column 'is_partner' in 'where clause'
CRITICAL - 2022-11-10 18:32:49 --> Unknown column 'is_partner' in 'where clause'
#0 C:\xampp\htdocs\angel\system\Database\MySQLi\Connection.php(292): mysqli->query('SELECT *\nFROM `...', 0)
#1 C:\xampp\htdocs\angel\system\Database\BaseConnection.php(670): CodeIgniter\Database\MySQLi\Connection->execute('SELECT *\nFROM `...')
#2 C:\xampp\htdocs\angel\system\Database\BaseConnection.php(598): CodeIgniter\Database\BaseConnection->simpleQuery('SELECT *\nFROM `...')
#3 C:\xampp\htdocs\angel\system\Database\BaseBuilder.php(1455): CodeIgniter\Database\BaseConnection->query('SELECT *\nFROM `...', Array, false)
#4 C:\xampp\htdocs\angel\app\Models\Crud.php(78): CodeIgniter\Database\BaseBuilder->get()
#5 C:\xampp\htdocs\angel\app\Controllers\Dashboard.php(302): App\Models\Crud->read_single('is_partner', 1, 'user')
#6 C:\xampp\htdocs\angel\system\CodeIgniter.php(825): App\Controllers\Dashboard->top_fuel()
#7 C:\xampp\htdocs\angel\system\CodeIgniter.php(412): CodeIgniter\CodeIgniter->runController(Object(App\Controllers\Dashboard))
#8 C:\xampp\htdocs\angel\system\CodeIgniter.php(320): CodeIgniter\CodeIgniter->handleRequest(NULL, Object(Config\Cache), false)
#9 C:\xampp\htdocs\angel\index.php(37): CodeIgniter\CodeIgniter->run()
#10 {main}
ERROR - 2022-11-10 18:32:49 --> Unknown column 'is_partner' in 'where clause'
CRITICAL - 2022-11-10 18:32:49 --> Unknown column 'is_partner' in 'where clause'
#0 C:\xampp\htdocs\angel\system\Database\MySQLi\Connection.php(292): mysqli->query('SELECT *\nFROM `...', 0)
#1 C:\xampp\htdocs\angel\system\Database\BaseConnection.php(670): CodeIgniter\Database\MySQLi\Connection->execute('SELECT *\nFROM `...')
#2 C:\xampp\htdocs\angel\system\Database\BaseConnection.php(598): CodeIgniter\Database\BaseConnection->simpleQuery('SELECT *\nFROM `...')
#3 C:\xampp\htdocs\angel\system\Database\BaseBuilder.php(1455): CodeIgniter\Database\BaseConnection->query('SELECT *\nFROM `...', Array, false)
#4 C:\xampp\htdocs\angel\app\Models\Crud.php(78): CodeIgniter\Database\BaseBuilder->get()
#5 C:\xampp\htdocs\angel\app\Controllers\Dashboard.php(390): App\Models\Crud->read_single('is_partner', 1, 'user')
#6 C:\xampp\htdocs\angel\system\CodeIgniter.php(825): App\Controllers\Dashboard->least_fuel()
#7 C:\xampp\htdocs\angel\system\CodeIgniter.php(412): CodeIgniter\CodeIgniter->runController(Object(App\Controllers\Dashboard))
#8 C:\xampp\htdocs\angel\system\CodeIgniter.php(320): CodeIgniter\CodeIgniter->handleRequest(NULL, Object(Config\Cache), false)
#9 C:\xampp\htdocs\angel\index.php(37): CodeIgniter\CodeIgniter->run()
#10 {main}
ERROR - 2022-11-10 18:33:04 --> Unknown column 'is_partner' in 'where clause'
CRITICAL - 2022-11-10 18:33:04 --> Unknown column 'is_partner' in 'where clause'
#0 C:\xampp\htdocs\angel\system\Database\MySQLi\Connection.php(292): mysqli->query('SELECT *\nFROM `...', 0)
#1 C:\xampp\htdocs\angel\system\Database\BaseConnection.php(670): CodeIgniter\Database\MySQLi\Connection->execute('SELECT *\nFROM `...')
#2 C:\xampp\htdocs\angel\system\Database\BaseConnection.php(598): CodeIgniter\Database\BaseConnection->simpleQuery('SELECT *\nFROM `...')
#3 C:\xampp\htdocs\angel\system\Database\BaseBuilder.php(1455): CodeIgniter\Database\BaseConnection->query('SELECT *\nFROM `...', Array, false)
#4 C:\xampp\htdocs\angel\app\Models\Crud.php(78): CodeIgniter\Database\BaseBuilder->get()
#5 C:\xampp\htdocs\angel\app\Controllers\Dashboard.php(390): App\Models\Crud->read_single('is_partner', 1, 'user')
#6 C:\xampp\htdocs\angel\system\CodeIgniter.php(825): App\Controllers\Dashboard->least_fuel()
#7 C:\xampp\htdocs\angel\system\CodeIgniter.php(412): CodeIgniter\CodeIgniter->runController(Object(App\Controllers\Dashboard))
#8 C:\xampp\htdocs\angel\system\CodeIgniter.php(320): CodeIgniter\CodeIgniter->handleRequest(NULL, Object(Config\Cache), false)
#9 C:\xampp\htdocs\angel\index.php(37): CodeIgniter\CodeIgniter->run()
#10 {main}
ERROR - 2022-11-10 18:33:04 --> Table 'angeldb.an_order' doesn't exist
CRITICAL - 2022-11-10 18:33:04 --> Table 'angeldb.an_order' doesn't exist
#0 C:\xampp\htdocs\angel\system\Database\MySQLi\Connection.php(292): mysqli->query('SELECT COUNT(*)...', 0)
#1 C:\xampp\htdocs\angel\system\Database\BaseConnection.php(670): CodeIgniter\Database\MySQLi\Connection->execute('SELECT COUNT(*)...')
#2 C:\xampp\htdocs\angel\system\Database\BaseConnection.php(598): CodeIgniter\Database\BaseConnection->simpleQuery('SELECT COUNT(*)...')
#3 C:\xampp\htdocs\angel\system\Database\BaseBuilder.php(1539): CodeIgniter\Database\BaseConnection->query('SELECT COUNT(*)...', Array, false)
#4 C:\xampp\htdocs\angel\app\Models\Crud.php(738): CodeIgniter\Database\BaseBuilder->countAllResults()
#5 C:\xampp\htdocs\angel\app\Controllers\Dashboard.php(58): App\Models\Crud->date_check('2022-01-01', 'reg_date', '2022-01-31', 'reg_date', 'order')
#6 C:\xampp\htdocs\angel\system\CodeIgniter.php(825): App\Controllers\Dashboard->sales_rev()
#7 C:\xampp\htdocs\angel\system\CodeIgniter.php(412): CodeIgniter\CodeIgniter->runController(Object(App\Controllers\Dashboard))
#8 C:\xampp\htdocs\angel\system\CodeIgniter.php(320): CodeIgniter\CodeIgniter->handleRequest(NULL, Object(Config\Cache), false)
#9 C:\xampp\htdocs\angel\index.php(37): CodeIgniter\CodeIgniter->run()
#10 {main}
ERROR - 2022-11-10 18:33:04 --> Unknown column 'is_partner' in 'where clause'
CRITICAL - 2022-11-10 18:33:04 --> Unknown column 'is_partner' in 'where clause'
#0 C:\xampp\htdocs\angel\system\Database\MySQLi\Connection.php(292): mysqli->query('SELECT *\nFROM `...', 0)
#1 C:\xampp\htdocs\angel\system\Database\BaseConnection.php(670): CodeIgniter\Database\MySQLi\Connection->execute('SELECT *\nFROM `...')
#2 C:\xampp\htdocs\angel\system\Database\BaseConnection.php(598): CodeIgniter\Database\BaseConnection->simpleQuery('SELECT *\nFROM `...')
#3 C:\xampp\htdocs\angel\system\Database\BaseBuilder.php(1455): CodeIgniter\Database\BaseConnection->query('SELECT *\nFROM `...', Array, false)
#4 C:\xampp\htdocs\angel\app\Models\Crud.php(78): CodeIgniter\Database\BaseBuilder->get()
#5 C:\xampp\htdocs\angel\app\Controllers\Dashboard.php(302): App\Models\Crud->read_single('is_partner', 1, 'user')
#6 C:\xampp\htdocs\angel\system\CodeIgniter.php(825): App\Controllers\Dashboard->top_fuel()
#7 C:\xampp\htdocs\angel\system\CodeIgniter.php(412): CodeIgniter\CodeIgniter->runController(Object(App\Controllers\Dashboard))
#8 C:\xampp\htdocs\angel\system\CodeIgniter.php(320): CodeIgniter\CodeIgniter->handleRequest(NULL, Object(Config\Cache), false)
#9 C:\xampp\htdocs\angel\index.php(37): CodeIgniter\CodeIgniter->run()
#10 {main}
ERROR - 2022-11-10 18:33:04 --> Table 'angeldb.an_category' doesn't exist
CRITICAL - 2022-11-10 18:33:04 --> Table 'angeldb.an_category' doesn't exist
#0 C:\xampp\htdocs\angel\system\Database\MySQLi\Connection.php(292): mysqli->query('SELECT *\nFROM `...', 0)
#1 C:\xampp\htdocs\angel\system\Database\BaseConnection.php(670): CodeIgniter\Database\MySQLi\Connection->execute('SELECT *\nFROM `...')
#2 C:\xampp\htdocs\angel\system\Database\BaseConnection.php(598): CodeIgniter\Database\BaseConnection->simpleQuery('SELECT *\nFROM `...')
#3 C:\xampp\htdocs\angel\system\Database\BaseBuilder.php(1455): CodeIgniter\Database\BaseConnection->query('SELECT *\nFROM `...', Array, false)
#4 C:\xampp\htdocs\angel\app\Models\Crud.php(78): CodeIgniter\Database\BaseBuilder->get()
#5 C:\xampp\htdocs\angel\app\Models\Crud.php(155): App\Models\Crud->read_single('name', 'Petrol', 'category')
#6 C:\xampp\htdocs\angel\app\Controllers\Dashboard.php(120): App\Models\Crud->read_field('name', 'Petrol', 'category', 'id')
#7 C:\xampp\htdocs\angel\system\CodeIgniter.php(825): App\Controllers\Dashboard->sales_qty()
#8 C:\xampp\htdocs\angel\system\CodeIgniter.php(412): CodeIgniter\CodeIgniter->runController(Object(App\Controllers\Dashboard))
#9 C:\xampp\htdocs\angel\system\CodeIgniter.php(320): CodeIgniter\CodeIgniter->handleRequest(NULL, Object(Config\Cache), false)
#10 C:\xampp\htdocs\angel\index.php(37): CodeIgniter\CodeIgniter->run()
#11 {main}
ERROR - 2022-11-10 18:33:10 --> Table 'angeldb.an_order' doesn't exist
CRITICAL - 2022-11-10 18:33:10 --> Table 'angeldb.an_order' doesn't exist
#0 C:\xampp\htdocs\angel\system\Database\MySQLi\Connection.php(292): mysqli->query('SELECT COUNT(*)...', 0)
#1 C:\xampp\htdocs\angel\system\Database\BaseConnection.php(670): CodeIgniter\Database\MySQLi\Connection->execute('SELECT COUNT(*)...')
#2 C:\xampp\htdocs\angel\system\Database\BaseConnection.php(598): CodeIgniter\Database\BaseConnection->simpleQuery('SELECT COUNT(*)...')
#3 C:\xampp\htdocs\angel\system\Database\BaseBuilder.php(1539): CodeIgniter\Database\BaseConnection->query('SELECT COUNT(*)...', Array, false)
#4 C:\xampp\htdocs\angel\app\Models\Crud.php(738): CodeIgniter\Database\BaseBuilder->countAllResults()
#5 C:\xampp\htdocs\angel\app\Controllers\Dashboard.php(58): App\Models\Crud->date_check('2022-01-01', 'reg_date', '2022-01-31', 'reg_date', 'order')
#6 C:\xampp\htdocs\angel\system\CodeIgniter.php(825): App\Controllers\Dashboard->sales_rev()
#7 C:\xampp\htdocs\angel\system\CodeIgniter.php(412): CodeIgniter\CodeIgniter->runController(Object(App\Controllers\Dashboard))
#8 C:\xampp\htdocs\angel\system\CodeIgniter.php(320): CodeIgniter\CodeIgniter->handleRequest(NULL, Object(Config\Cache), false)
#9 C:\xampp\htdocs\angel\index.php(37): CodeIgniter\CodeIgniter->run()
#10 {main}
ERROR - 2022-11-10 18:33:10 --> Unknown column 'is_partner' in 'where clause'
CRITICAL - 2022-11-10 18:33:10 --> Unknown column 'is_partner' in 'where clause'
#0 C:\xampp\htdocs\angel\system\Database\MySQLi\Connection.php(292): mysqli->query('SELECT *\nFROM `...', 0)
#1 C:\xampp\htdocs\angel\system\Database\BaseConnection.php(670): CodeIgniter\Database\MySQLi\Connection->execute('SELECT *\nFROM `...')
#2 C:\xampp\htdocs\angel\system\Database\BaseConnection.php(598): CodeIgniter\Database\BaseConnection->simpleQuery('SELECT *\nFROM `...')
#3 C:\xampp\htdocs\angel\system\Database\BaseBuilder.php(1455): CodeIgniter\Database\BaseConnection->query('SELECT *\nFROM `...', Array, false)
#4 C:\xampp\htdocs\angel\app\Models\Crud.php(78): CodeIgniter\Database\BaseBuilder->get()
#5 C:\xampp\htdocs\angel\app\Controllers\Dashboard.php(302): App\Models\Crud->read_single('is_partner', 1, 'user')
#6 C:\xampp\htdocs\angel\system\CodeIgniter.php(825): App\Controllers\Dashboard->top_fuel()
#7 C:\xampp\htdocs\angel\system\CodeIgniter.php(412): CodeIgniter\CodeIgniter->runController(Object(App\Controllers\Dashboard))
#8 C:\xampp\htdocs\angel\system\CodeIgniter.php(320): CodeIgniter\CodeIgniter->handleRequest(NULL, Object(Config\Cache), false)
#9 C:\xampp\htdocs\angel\index.php(37): CodeIgniter\CodeIgniter->run()
#10 {main}
ERROR - 2022-11-10 18:33:10 --> Unknown column 'is_partner' in 'where clause'
CRITICAL - 2022-11-10 18:33:10 --> Unknown column 'is_partner' in 'where clause'
#0 C:\xampp\htdocs\angel\system\Database\MySQLi\Connection.php(292): mysqli->query('SELECT *\nFROM `...', 0)
#1 C:\xampp\htdocs\angel\system\Database\BaseConnection.php(670): CodeIgniter\Database\MySQLi\Connection->execute('SELECT *\nFROM `...')
#2 C:\xampp\htdocs\angel\system\Database\BaseConnection.php(598): CodeIgniter\Database\BaseConnection->simpleQuery('SELECT *\nFROM `...')
#3 C:\xampp\htdocs\angel\system\Database\BaseBuilder.php(1455): CodeIgniter\Database\BaseConnection->query('SELECT *\nFROM `...', Array, false)
#4 C:\xampp\htdocs\angel\app\Models\Crud.php(78): CodeIgniter\Database\BaseBuilder->get()
#5 C:\xampp\htdocs\angel\app\Controllers\Dashboard.php(390): App\Models\Crud->read_single('is_partner', 1, 'user')
#6 C:\xampp\htdocs\angel\system\CodeIgniter.php(825): App\Controllers\Dashboard->least_fuel()
#7 C:\xampp\htdocs\angel\system\CodeIgniter.php(412): CodeIgniter\CodeIgniter->runController(Object(App\Controllers\Dashboard))
#8 C:\xampp\htdocs\angel\system\CodeIgniter.php(320): CodeIgniter\CodeIgniter->handleRequest(NULL, Object(Config\Cache), false)
#9 C:\xampp\htdocs\angel\index.php(37): CodeIgniter\CodeIgniter->run()
#10 {main}
ERROR - 2022-11-10 18:33:10 --> Table 'angeldb.an_category' doesn't exist
CRITICAL - 2022-11-10 18:33:10 --> Table 'angeldb.an_category' doesn't exist
#0 C:\xampp\htdocs\angel\system\Database\MySQLi\Connection.php(292): mysqli->query('SELECT *\nFROM `...', 0)
#1 C:\xampp\htdocs\angel\system\Database\BaseConnection.php(670): CodeIgniter\Database\MySQLi\Connection->execute('SELECT *\nFROM `...')
#2 C:\xampp\htdocs\angel\system\Database\BaseConnection.php(598): CodeIgniter\Database\BaseConnection->simpleQuery('SELECT *\nFROM `...')
#3 C:\xampp\htdocs\angel\system\Database\BaseBuilder.php(1455): CodeIgniter\Database\BaseConnection->query('SELECT *\nFROM `...', Array, false)
#4 C:\xampp\htdocs\angel\app\Models\Crud.php(78): CodeIgniter\Database\BaseBuilder->get()
#5 C:\xampp\htdocs\angel\app\Models\Crud.php(155): App\Models\Crud->read_single('name', 'Petrol', 'category')
#6 C:\xampp\htdocs\angel\app\Controllers\Dashboard.php(120): App\Models\Crud->read_field('name', 'Petrol', 'category', 'id')
#7 C:\xampp\htdocs\angel\system\CodeIgniter.php(825): App\Controllers\Dashboard->sales_qty()
#8 C:\xampp\htdocs\angel\system\CodeIgniter.php(412): CodeIgniter\CodeIgniter->runController(Object(App\Controllers\Dashboard))
#9 C:\xampp\htdocs\angel\system\CodeIgniter.php(320): CodeIgniter\CodeIgniter->handleRequest(NULL, Object(Config\Cache), false)
#10 C:\xampp\htdocs\angel\index.php(37): CodeIgniter\CodeIgniter->run()
#11 {main}
ERROR - 2022-11-10 18:33:18 --> Table 'angeldb.an_category' doesn't exist
CRITICAL - 2022-11-10 18:33:18 --> Table 'angeldb.an_category' doesn't exist
#0 C:\xampp\htdocs\angel\system\Database\MySQLi\Connection.php(292): mysqli->query('SELECT *\nFROM `...', 0)
#1 C:\xampp\htdocs\angel\system\Database\BaseConnection.php(670): CodeIgniter\Database\MySQLi\Connection->execute('SELECT *\nFROM `...')
#2 C:\xampp\htdocs\angel\system\Database\BaseConnection.php(598): CodeIgniter\Database\BaseConnection->simpleQuery('SELECT *\nFROM `...')
#3 C:\xampp\htdocs\angel\system\Database\BaseBuilder.php(1455): CodeIgniter\Database\BaseConnection->query('SELECT *\nFROM `...', Array, false)
#4 C:\xampp\htdocs\angel\app\Models\Crud.php(78): CodeIgniter\Database\BaseBuilder->get()
#5 C:\xampp\htdocs\angel\app\Models\Crud.php(155): App\Models\Crud->read_single('name', 'Petrol', 'category')
#6 C:\xampp\htdocs\angel\app\Controllers\Dashboard.php(120): App\Models\Crud->read_field('name', 'Petrol', 'category', 'id')
#7 C:\xampp\htdocs\angel\system\CodeIgniter.php(825): App\Controllers\Dashboard->sales_qty()
#8 C:\xampp\htdocs\angel\system\CodeIgniter.php(412): CodeIgniter\CodeIgniter->runController(Object(App\Controllers\Dashboard))
#9 C:\xampp\htdocs\angel\system\CodeIgniter.php(320): CodeIgniter\CodeIgniter->handleRequest(NULL, Object(Config\Cache), false)
#10 C:\xampp\htdocs\angel\index.php(37): CodeIgniter\CodeIgniter->run()
#11 {main}
ERROR - 2022-11-10 18:33:18 --> Table 'angeldb.an_order' doesn't exist
CRITICAL - 2022-11-10 18:33:18 --> Table 'angeldb.an_order' doesn't exist
#0 C:\xampp\htdocs\angel\system\Database\MySQLi\Connection.php(292): mysqli->query('SELECT COUNT(*)...', 0)
#1 C:\xampp\htdocs\angel\system\Database\BaseConnection.php(670): CodeIgniter\Database\MySQLi\Connection->execute('SELECT COUNT(*)...')
#2 C:\xampp\htdocs\angel\system\Database\BaseConnection.php(598): CodeIgniter\Database\BaseConnection->simpleQuery('SELECT COUNT(*)...')
#3 C:\xampp\htdocs\angel\system\Database\BaseBuilder.php(1539): CodeIgniter\Database\BaseConnection->query('SELECT COUNT(*)...', Array, false)
#4 C:\xampp\htdocs\angel\app\Models\Crud.php(738): CodeIgniter\Database\BaseBuilder->countAllResults()
#5 C:\xampp\htdocs\angel\app\Controllers\Dashboard.php(58): App\Models\Crud->date_check('2022-01-01', 'reg_date', '2022-01-31', 'reg_date', 'order')
#6 C:\xampp\htdocs\angel\system\CodeIgniter.php(825): App\Controllers\Dashboard->sales_rev()
#7 C:\xampp\htdocs\angel\system\CodeIgniter.php(412): CodeIgniter\CodeIgniter->runController(Object(App\Controllers\Dashboard))
#8 C:\xampp\htdocs\angel\system\CodeIgniter.php(320): CodeIgniter\CodeIgniter->handleRequest(NULL, Object(Config\Cache), false)
#9 C:\xampp\htdocs\angel\index.php(37): CodeIgniter\CodeIgniter->run()
#10 {main}
ERROR - 2022-11-10 18:33:18 --> Unknown column 'is_partner' in 'where clause'
CRITICAL - 2022-11-10 18:33:18 --> Unknown column 'is_partner' in 'where clause'
#0 C:\xampp\htdocs\angel\system\Database\MySQLi\Connection.php(292): mysqli->query('SELECT *\nFROM `...', 0)
#1 C:\xampp\htdocs\angel\system\Database\BaseConnection.php(670): CodeIgniter\Database\MySQLi\Connection->execute('SELECT *\nFROM `...')
#2 C:\xampp\htdocs\angel\system\Database\BaseConnection.php(598): CodeIgniter\Database\BaseConnection->simpleQuery('SELECT *\nFROM `...')
#3 C:\xampp\htdocs\angel\system\Database\BaseBuilder.php(1455): CodeIgniter\Database\BaseConnection->query('SELECT *\nFROM `...', Array, false)
#4 C:\xampp\htdocs\angel\app\Models\Crud.php(78): CodeIgniter\Database\BaseBuilder->get()
#5 C:\xampp\htdocs\angel\app\Controllers\Dashboard.php(390): App\Models\Crud->read_single('is_partner', 1, 'user')
#6 C:\xampp\htdocs\angel\system\CodeIgniter.php(825): App\Controllers\Dashboard->least_fuel()
#7 C:\xampp\htdocs\angel\system\CodeIgniter.php(412): CodeIgniter\CodeIgniter->runController(Object(App\Controllers\Dashboard))
#8 C:\xampp\htdocs\angel\system\CodeIgniter.php(320): CodeIgniter\CodeIgniter->handleRequest(NULL, Object(Config\Cache), false)
#9 C:\xampp\htdocs\angel\index.php(37): CodeIgniter\CodeIgniter->run()
#10 {main}
ERROR - 2022-11-10 18:33:18 --> Unknown column 'is_partner' in 'where clause'
CRITICAL - 2022-11-10 18:33:18 --> Unknown column 'is_partner' in 'where clause'
#0 C:\xampp\htdocs\angel\system\Database\MySQLi\Connection.php(292): mysqli->query('SELECT *\nFROM `...', 0)
#1 C:\xampp\htdocs\angel\system\Database\BaseConnection.php(670): CodeIgniter\Database\MySQLi\Connection->execute('SELECT *\nFROM `...')
#2 C:\xampp\htdocs\angel\system\Database\BaseConnection.php(598): CodeIgniter\Database\BaseConnection->simpleQuery('SELECT *\nFROM `...')
#3 C:\xampp\htdocs\angel\system\Database\BaseBuilder.php(1455): CodeIgniter\Database\BaseConnection->query('SELECT *\nFROM `...', Array, false)
#4 C:\xampp\htdocs\angel\app\Models\Crud.php(78): CodeIgniter\Database\BaseBuilder->get()
#5 C:\xampp\htdocs\angel\app\Controllers\Dashboard.php(302): App\Models\Crud->read_single('is_partner', 1, 'user')
#6 C:\xampp\htdocs\angel\system\CodeIgniter.php(825): App\Controllers\Dashboard->top_fuel()
#7 C:\xampp\htdocs\angel\system\CodeIgniter.php(412): CodeIgniter\CodeIgniter->runController(Object(App\Controllers\Dashboard))
#8 C:\xampp\htdocs\angel\system\CodeIgniter.php(320): CodeIgniter\CodeIgniter->handleRequest(NULL, Object(Config\Cache), false)
#9 C:\xampp\htdocs\angel\index.php(37): CodeIgniter\CodeIgniter->run()
#10 {main}
ERROR - 2022-11-10 18:43:55 --> Table 'angeldb.an_language' doesn't exist
CRITICAL - 2022-11-10 18:43:55 --> Table 'angeldb.an_language' doesn't exist
#0 C:\xampp\htdocs\angel\system\Database\MySQLi\Connection.php(292): mysqli->query('SELECT *\nFROM `...', 0)
#1 C:\xampp\htdocs\angel\system\Database\BaseConnection.php(670): CodeIgniter\Database\MySQLi\Connection->execute('SELECT *\nFROM `...')
#2 C:\xampp\htdocs\angel\system\Database\BaseConnection.php(598): CodeIgniter\Database\BaseConnection->simpleQuery('SELECT *\nFROM `...')
#3 C:\xampp\htdocs\angel\system\Database\BaseBuilder.php(1455): CodeIgniter\Database\BaseConnection->query('SELECT *\nFROM `...', Array, false)
#4 C:\xampp\htdocs\angel\app\Models\Crud.php(57): CodeIgniter\Database\BaseBuilder->get()
#5 C:\xampp\htdocs\angel\app\Views\rhapsody\form.php(48): App\Models\Crud->read_order('language', 'name', 'asc')
#6 C:\xampp\htdocs\angel\system\View\View.php(210): include('C:\\xampp\\htdocs...')
#7 C:\xampp\htdocs\angel\system\View\View.php(213): CodeIgniter\View\View->CodeIgniter\View\{closure}()
#8 C:\xampp\htdocs\angel\system\Common.php(1089): CodeIgniter\View\View->render('rhapsody/form', Array, true)
#9 C:\xampp\htdocs\angel\app\Controllers\Rhapsody.php(286): view('rhapsody/form', Array)
#10 C:\xampp\htdocs\angel\system\CodeIgniter.php(825): App\Controllers\Rhapsody->list('manage')
#11 C:\xampp\htdocs\angel\system\CodeIgniter.php(412): CodeIgniter\CodeIgniter->runController(Object(App\Controllers\Rhapsody))
#12 C:\xampp\htdocs\angel\system\CodeIgniter.php(320): CodeIgniter\CodeIgniter->handleRequest(NULL, Object(Config\Cache), false)
#13 C:\xampp\htdocs\angel\index.php(37): CodeIgniter\CodeIgniter->run()
#14 {main}
CRITICAL - 2022-11-10 19:59:59 --> Undefined property: stdClass::$name
#0 C:\xampp\htdocs\angel\app\Models\Crud.php(158): CodeIgniter\Debug\Exceptions->errorHandler(8, 'Undefined prope...', 'C:\\xampp\\htdocs...', 158, Array)
#1 C:\xampp\htdocs\angel\app\Controllers\Rhapsody.php(145): App\Models\Crud->read_field('id', 1, 'rhapsody', 'name')
#2 C:\xampp\htdocs\angel\system\CodeIgniter.php(825): App\Controllers\Rhapsody->list('manage')
#3 C:\xampp\htdocs\angel\system\CodeIgniter.php(412): CodeIgniter\CodeIgniter->runController(Object(App\Controllers\Rhapsody))
#4 C:\xampp\htdocs\angel\system\CodeIgniter.php(320): CodeIgniter\CodeIgniter->handleRequest(NULL, Object(Config\Cache), false)
#5 C:\xampp\htdocs\angel\index.php(37): CodeIgniter\CodeIgniter->run()
#6 {main}
CRITICAL - 2022-11-10 20:03:32 --> Undefined property: stdClass::$product
#0 C:\xampp\htdocs\angel\app\Controllers\Rhapsody.php(197): CodeIgniter\Debug\Exceptions->errorHandler(8, 'Undefined prope...', 'C:\\xampp\\htdocs...', 197, Array)
#1 C:\xampp\htdocs\angel\system\CodeIgniter.php(825): App\Controllers\Rhapsody->list('load')
#2 C:\xampp\htdocs\angel\system\CodeIgniter.php(412): CodeIgniter\CodeIgniter->runController(Object(App\Controllers\Rhapsody))
#3 C:\xampp\htdocs\angel\system\CodeIgniter.php(320): CodeIgniter\CodeIgniter->handleRequest(NULL, Object(Config\Cache), false)
#4 C:\xampp\htdocs\angel\index.php(37): CodeIgniter\CodeIgniter->run()
#5 {main}
CRITICAL - 2022-11-10 20:05:50 --> Undefined property: stdClass::$product
#0 C:\xampp\htdocs\angel\app\Controllers\Rhapsody.php(197): CodeIgniter\Debug\Exceptions->errorHandler(8, 'Undefined prope...', 'C:\\xampp\\htdocs...', 197, Array)
#1 C:\xampp\htdocs\angel\system\CodeIgniter.php(825): App\Controllers\Rhapsody->list('load')
#2 C:\xampp\htdocs\angel\system\CodeIgniter.php(412): CodeIgniter\CodeIgniter->runController(Object(App\Controllers\Rhapsody))
#3 C:\xampp\htdocs\angel\system\CodeIgniter.php(320): CodeIgniter\CodeIgniter->handleRequest(NULL, Object(Config\Cache), false)
#4 C:\xampp\htdocs\angel\index.php(37): CodeIgniter\CodeIgniter->run()
#5 {main}
CRITICAL - 2022-11-10 20:09:20 --> Undefined property: stdClass::$product
#0 C:\xampp\htdocs\angel\app\Controllers\Rhapsody.php(197): CodeIgniter\Debug\Exceptions->errorHandler(8, 'Undefined prope...', 'C:\\xampp\\htdocs...', 197, Array)
#1 C:\xampp\htdocs\angel\system\CodeIgniter.php(825): App\Controllers\Rhapsody->list('load')
#2 C:\xampp\htdocs\angel\system\CodeIgniter.php(412): CodeIgniter\CodeIgniter->runController(Object(App\Controllers\Rhapsody))
#3 C:\xampp\htdocs\angel\system\CodeIgniter.php(320): CodeIgniter\CodeIgniter->handleRequest(NULL, Object(Config\Cache), false)
#4 C:\xampp\htdocs\angel\index.php(37): CodeIgniter\CodeIgniter->run()
#5 {main}
ERROR - 2022-11-10 20:09:45 --> Column 'date' cannot be null
CRITICAL - 2022-11-10 20:09:45 --> Column 'date' cannot be null
#0 C:\xampp\htdocs\angel\system\Database\MySQLi\Connection.php(292): mysqli->query('INSERT INTO `an...', 0)
#1 C:\xampp\htdocs\angel\system\Database\BaseConnection.php(670): CodeIgniter\Database\MySQLi\Connection->execute('INSERT INTO `an...')
#2 C:\xampp\htdocs\angel\system\Database\BaseConnection.php(598): CodeIgniter\Database\BaseConnection->simpleQuery('INSERT INTO `an...')
#3 C:\xampp\htdocs\angel\system\Database\BaseBuilder.php(1771): CodeIgniter\Database\BaseConnection->query('INSERT INTO `an...', Array, false)
#4 C:\xampp\htdocs\angel\app\Models\Crud.php(18): CodeIgniter\Database\BaseBuilder->insert(Array)
#5 C:\xampp\htdocs\angel\app\Controllers\Rhapsody.php(140): App\Models\Crud->create('rhapsody', Array)
#6 C:\xampp\htdocs\angel\system\CodeIgniter.php(825): App\Controllers\Rhapsody->list('manage')
#7 C:\xampp\htdocs\angel\system\CodeIgniter.php(412): CodeIgniter\CodeIgniter->runController(Object(App\Controllers\Rhapsody))
#8 C:\xampp\htdocs\angel\system\CodeIgniter.php(320): CodeIgniter\CodeIgniter->handleRequest(NULL, Object(Config\Cache), false)
#9 C:\xampp\htdocs\angel\index.php(37): CodeIgniter\CodeIgniter->run()
#10 {main}
CRITICAL - 2022-11-10 20:10:13 --> Undefined property: stdClass::$product
#0 C:\xampp\htdocs\angel\app\Controllers\Rhapsody.php(197): CodeIgniter\Debug\Exceptions->errorHandler(8, 'Undefined prope...', 'C:\\xampp\\htdocs...', 197, Array)
#1 C:\xampp\htdocs\angel\system\CodeIgniter.php(825): App\Controllers\Rhapsody->list('load')
#2 C:\xampp\htdocs\angel\system\CodeIgniter.php(412): CodeIgniter\CodeIgniter->runController(Object(App\Controllers\Rhapsody))
#3 C:\xampp\htdocs\angel\system\CodeIgniter.php(320): CodeIgniter\CodeIgniter->handleRequest(NULL, Object(Config\Cache), false)
#4 C:\xampp\htdocs\angel\index.php(37): CodeIgniter\CodeIgniter->run()
#5 {main}
ERROR - 2022-11-10 20:39:01 --> Table 'angeldb.an_pump' doesn't exist
CRITICAL - 2022-11-10 20:39:01 --> Table 'angeldb.an_pump' doesn't exist
#0 C:\xampp\htdocs\angel\system\Database\MySQLi\Connection.php(292): mysqli->query('SELECT *\nFROM `...', 0)
#1 C:\xampp\htdocs\angel\system\Database\BaseConnection.php(670): CodeIgniter\Database\MySQLi\Connection->execute('SELECT *\nFROM `...')
#2 C:\xampp\htdocs\angel\system\Database\BaseConnection.php(598): CodeIgniter\Database\BaseConnection->simpleQuery('SELECT *\nFROM `...')
#3 C:\xampp\htdocs\angel\system\Database\BaseBuilder.php(1455): CodeIgniter\Database\BaseConnection->query('SELECT *\nFROM `...', Array, false)
#4 C:\xampp\htdocs\angel\app\Models\Crud.php(1156): CodeIgniter\Database\BaseBuilder->get()
#5 C:\xampp\htdocs\angel\app\Views\rhapsody\language.php(21): App\Models\Crud->filter_pump('', '', '3', '', '')
#6 C:\xampp\htdocs\angel\system\View\View.php(210): include('C:\\xampp\\htdocs...')
#7 C:\xampp\htdocs\angel\system\View\View.php(213): CodeIgniter\View\View->CodeIgniter\View\{closure}()
#8 C:\xampp\htdocs\angel\system\Common.php(1089): CodeIgniter\View\View->render('rhapsody/langua...', Array, true)
#9 C:\xampp\htdocs\angel\app\Controllers\Rhapsody.php(522): view('rhapsody/langua...', Array)
#10 C:\xampp\htdocs\angel\system\CodeIgniter.php(825): App\Controllers\Rhapsody->language()
#11 C:\xampp\htdocs\angel\system\CodeIgniter.php(412): CodeIgniter\CodeIgniter->runController(Object(App\Controllers\Rhapsody))
#12 C:\xampp\htdocs\angel\system\CodeIgniter.php(320): CodeIgniter\CodeIgniter->handleRequest(NULL, Object(Config\Cache), false)
#13 C:\xampp\htdocs\angel\index.php(37): CodeIgniter\CodeIgniter->run()
#14 {main}
ERROR - 2022-11-10 20:40:34 --> Table 'angeldb.an_category' doesn't exist
CRITICAL - 2022-11-10 20:40:34 --> Table 'angeldb.an_category' doesn't exist
#0 C:\xampp\htdocs\angel\system\Database\MySQLi\Connection.php(292): mysqli->query('SELECT *\nFROM `...', 0)
#1 C:\xampp\htdocs\angel\system\Database\BaseConnection.php(670): CodeIgniter\Database\MySQLi\Connection->execute('SELECT *\nFROM `...')
#2 C:\xampp\htdocs\angel\system\Database\BaseConnection.php(598): CodeIgniter\Database\BaseConnection->simpleQuery('SELECT *\nFROM `...')
#3 C:\xampp\htdocs\angel\system\Database\BaseBuilder.php(1455): CodeIgniter\Database\BaseConnection->query('SELECT *\nFROM `...', Array, false)
#4 C:\xampp\htdocs\angel\app\Models\Crud.php(57): CodeIgniter\Database\BaseBuilder->get()
#5 C:\xampp\htdocs\angel\app\Views\rhapsody\language_form.php(52): App\Models\Crud->read_order('category', 'name', 'asc')
#6 C:\xampp\htdocs\angel\system\View\View.php(210): include('C:\\xampp\\htdocs...')
#7 C:\xampp\htdocs\angel\system\View\View.php(213): CodeIgniter\View\View->CodeIgniter\View\{closure}()
#8 C:\xampp\htdocs\angel\system\Common.php(1089): CodeIgniter\View\View->render('rhapsody/langua...', Array, true)
#9 C:\xampp\htdocs\angel\app\Controllers\Rhapsody.php(517): view('rhapsody/langua...', Array)
#10 C:\xampp\htdocs\angel\system\CodeIgniter.php(825): App\Controllers\Rhapsody->language('manage')
#11 C:\xampp\htdocs\angel\system\CodeIgniter.php(412): CodeIgniter\CodeIgniter->runController(Object(App\Controllers\Rhapsody))
#12 C:\xampp\htdocs\angel\system\CodeIgniter.php(320): CodeIgniter\CodeIgniter->handleRequest(NULL, Object(Config\Cache), false)
#13 C:\xampp\htdocs\angel\index.php(37): CodeIgniter\CodeIgniter->run()
#14 {main}
ERROR - 2022-11-10 20:44:41 --> Unknown column 'partner_id' in 'where clause'
CRITICAL - 2022-11-10 20:44:41 --> Unknown column 'partner_id' in 'where clause'
#0 C:\xampp\htdocs\angel\system\Database\MySQLi\Connection.php(292): mysqli->query('SELECT COUNT(*)...', 0)
#1 C:\xampp\htdocs\angel\system\Database\BaseConnection.php(670): CodeIgniter\Database\MySQLi\Connection->execute('SELECT COUNT(*)...')
#2 C:\xampp\htdocs\angel\system\Database\BaseConnection.php(598): CodeIgniter\Database\BaseConnection->simpleQuery('SELECT COUNT(*)...')
#3 C:\xampp\htdocs\angel\system\Database\BaseBuilder.php(1539): CodeIgniter\Database\BaseConnection->query('SELECT COUNT(*)...', Array, false)
#4 C:\xampp\htdocs\angel\app\Models\Crud.php(256): CodeIgniter\Database\BaseBuilder->countAllResults()
#5 C:\xampp\htdocs\angel\app\Controllers\Rhapsody.php(394): App\Models\Crud->check2('name', 'Spanish', 'partner_id', '3', 'language')
#6 C:\xampp\htdocs\angel\system\CodeIgniter.php(825): App\Controllers\Rhapsody->language('manage')
#7 C:\xampp\htdocs\angel\system\CodeIgniter.php(412): CodeIgniter\CodeIgniter->runController(Object(App\Controllers\Rhapsody))
#8 C:\xampp\htdocs\angel\system\CodeIgniter.php(320): CodeIgniter\CodeIgniter->handleRequest(NULL, Object(Config\Cache), false)
#9 C:\xampp\htdocs\angel\index.php(37): CodeIgniter\CodeIgniter->run()
#10 {main}
ERROR - 2022-11-10 21:10:22 --> Table 'angeldb.an_category' doesn't exist
CRITICAL - 2022-11-10 21:10:22 --> Table 'angeldb.an_category' doesn't exist
#0 C:\xampp\htdocs\angel\system\Database\MySQLi\Connection.php(292): mysqli->query('SELECT *\nFROM `...', 0)
#1 C:\xampp\htdocs\angel\system\Database\BaseConnection.php(670): CodeIgniter\Database\MySQLi\Connection->execute('SELECT *\nFROM `...')
#2 C:\xampp\htdocs\angel\system\Database\BaseConnection.php(598): CodeIgniter\Database\BaseConnection->simpleQuery('SELECT *\nFROM `...')
#3 C:\xampp\htdocs\angel\system\Database\BaseBuilder.php(1455): CodeIgniter\Database\BaseConnection->query('SELECT *\nFROM `...', Array, false)
#4 C:\xampp\htdocs\angel\app\Models\Crud.php(78): CodeIgniter\Database\BaseBuilder->get()
#5 C:\xampp\htdocs\angel\app\Models\Crud.php(155): App\Models\Crud->read_single('name', 'Petrol', 'category')
#6 C:\xampp\htdocs\angel\app\Controllers\Dashboard.php(120): App\Models\Crud->read_field('name', 'Petrol', 'category', 'id')
#7 C:\xampp\htdocs\angel\system\CodeIgniter.php(825): App\Controllers\Dashboard->sales_qty()
#8 C:\xampp\htdocs\angel\system\CodeIgniter.php(412): CodeIgniter\CodeIgniter->runController(Object(App\Controllers\Dashboard))
#9 C:\xampp\htdocs\angel\system\CodeIgniter.php(320): CodeIgniter\CodeIgniter->handleRequest(NULL, Object(Config\Cache), false)
#10 C:\xampp\htdocs\angel\index.php(37): CodeIgniter\CodeIgniter->run()
#11 {main}
ERROR - 2022-11-10 21:10:22 --> Table 'angeldb.an_order' doesn't exist
CRITICAL - 2022-11-10 21:10:22 --> Table 'angeldb.an_order' doesn't exist
#0 C:\xampp\htdocs\angel\system\Database\MySQLi\Connection.php(292): mysqli->query('SELECT COUNT(*)...', 0)
#1 C:\xampp\htdocs\angel\system\Database\BaseConnection.php(670): CodeIgniter\Database\MySQLi\Connection->execute('SELECT COUNT(*)...')
#2 C:\xampp\htdocs\angel\system\Database\BaseConnection.php(598): CodeIgniter\Database\BaseConnection->simpleQuery('SELECT COUNT(*)...')
#3 C:\xampp\htdocs\angel\system\Database\BaseBuilder.php(1539): CodeIgniter\Database\BaseConnection->query('SELECT COUNT(*)...', Array, false)
#4 C:\xampp\htdocs\angel\app\Models\Crud.php(738): CodeIgniter\Database\BaseBuilder->countAllResults()
#5 C:\xampp\htdocs\angel\app\Controllers\Dashboard.php(58): App\Models\Crud->date_check('2022-01-01', 'reg_date', '2022-01-31', 'reg_date', 'order')
#6 C:\xampp\htdocs\angel\system\CodeIgniter.php(825): App\Controllers\Dashboard->sales_rev()
#7 C:\xampp\htdocs\angel\system\CodeIgniter.php(412): CodeIgniter\CodeIgniter->runController(Object(App\Controllers\Dashboard))
#8 C:\xampp\htdocs\angel\system\CodeIgniter.php(320): CodeIgniter\CodeIgniter->handleRequest(NULL, Object(Config\Cache), false)
#9 C:\xampp\htdocs\angel\index.php(37): CodeIgniter\CodeIgniter->run()
#10 {main}
ERROR - 2022-11-10 21:10:22 --> Unknown column 'is_partner' in 'where clause'
CRITICAL - 2022-11-10 21:10:22 --> Unknown column 'is_partner' in 'where clause'
#0 C:\xampp\htdocs\angel\system\Database\MySQLi\Connection.php(292): mysqli->query('SELECT *\nFROM `...', 0)
#1 C:\xampp\htdocs\angel\system\Database\BaseConnection.php(670): CodeIgniter\Database\MySQLi\Connection->execute('SELECT *\nFROM `...')
#2 C:\xampp\htdocs\angel\system\Database\BaseConnection.php(598): CodeIgniter\Database\BaseConnection->simpleQuery('SELECT *\nFROM `...')
#3 C:\xampp\htdocs\angel\system\Database\BaseBuilder.php(1455): CodeIgniter\Database\BaseConnection->query('SELECT *\nFROM `...', Array, false)
#4 C:\xampp\htdocs\angel\app\Models\Crud.php(78): CodeIgniter\Database\BaseBuilder->get()
#5 C:\xampp\htdocs\angel\app\Controllers\Dashboard.php(390): App\Models\Crud->read_single('is_partner', 1, 'user')
#6 C:\xampp\htdocs\angel\system\CodeIgniter.php(825): App\Controllers\Dashboard->least_fuel()
#7 C:\xampp\htdocs\angel\system\CodeIgniter.php(412): CodeIgniter\CodeIgniter->runController(Object(App\Controllers\Dashboard))
#8 C:\xampp\htdocs\angel\system\CodeIgniter.php(320): CodeIgniter\CodeIgniter->handleRequest(NULL, Object(Config\Cache), false)
#9 C:\xampp\htdocs\angel\index.php(37): CodeIgniter\CodeIgniter->run()
#10 {main}
ERROR - 2022-11-10 21:10:22 --> Unknown column 'is_partner' in 'where clause'
CRITICAL - 2022-11-10 21:10:22 --> Unknown column 'is_partner' in 'where clause'
#0 C:\xampp\htdocs\angel\system\Database\MySQLi\Connection.php(292): mysqli->query('SELECT *\nFROM `...', 0)
#1 C:\xampp\htdocs\angel\system\Database\BaseConnection.php(670): CodeIgniter\Database\MySQLi\Connection->execute('SELECT *\nFROM `...')
#2 C:\xampp\htdocs\angel\system\Database\BaseConnection.php(598): CodeIgniter\Database\BaseConnection->simpleQuery('SELECT *\nFROM `...')
#3 C:\xampp\htdocs\angel\system\Database\BaseBuilder.php(1455): CodeIgniter\Database\BaseConnection->query('SELECT *\nFROM `...', Array, false)
#4 C:\xampp\htdocs\angel\app\Models\Crud.php(78): CodeIgniter\Database\BaseBuilder->get()
#5 C:\xampp\htdocs\angel\app\Controllers\Dashboard.php(302): App\Models\Crud->read_single('is_partner', 1, 'user')
#6 C:\xampp\htdocs\angel\system\CodeIgniter.php(825): App\Controllers\Dashboard->top_fuel()
#7 C:\xampp\htdocs\angel\system\CodeIgniter.php(412): CodeIgniter\CodeIgniter->runController(Object(App\Controllers\Dashboard))
#8 C:\xampp\htdocs\angel\system\CodeIgniter.php(320): CodeIgniter\CodeIgniter->handleRequest(NULL, Object(Config\Cache), false)
#9 C:\xampp\htdocs\angel\index.php(37): CodeIgniter\CodeIgniter->run()
#10 {main}
ERROR - 2022-11-10 21:14:54 --> Table 'angeldb.an_order' doesn't exist
CRITICAL - 2022-11-10 21:14:54 --> Table 'angeldb.an_order' doesn't exist
#0 C:\xampp\htdocs\angel\system\Database\MySQLi\Connection.php(292): mysqli->query('SELECT COUNT(*)...', 0)
#1 C:\xampp\htdocs\angel\system\Database\BaseConnection.php(670): CodeIgniter\Database\MySQLi\Connection->execute('SELECT COUNT(*)...')
#2 C:\xampp\htdocs\angel\system\Database\BaseConnection.php(598): CodeIgniter\Database\BaseConnection->simpleQuery('SELECT COUNT(*)...')
#3 C:\xampp\htdocs\angel\system\Database\BaseBuilder.php(1539): CodeIgniter\Database\BaseConnection->query('SELECT COUNT(*)...', Array, false)
#4 C:\xampp\htdocs\angel\app\Models\Crud.php(738): CodeIgniter\Database\BaseBuilder->countAllResults()
#5 C:\xampp\htdocs\angel\app\Controllers\Dashboard.php(58): App\Models\Crud->date_check('2022-01-01', 'reg_date', '2022-01-31', 'reg_date', 'order')
#6 C:\xampp\htdocs\angel\system\CodeIgniter.php(825): App\Controllers\Dashboard->sales_rev()
#7 C:\xampp\htdocs\angel\system\CodeIgniter.php(412): CodeIgniter\CodeIgniter->runController(Object(App\Controllers\Dashboard))
#8 C:\xampp\htdocs\angel\system\CodeIgniter.php(320): CodeIgniter\CodeIgniter->handleRequest(NULL, Object(Config\Cache), false)
#9 C:\xampp\htdocs\angel\index.php(37): CodeIgniter\CodeIgniter->run()
#10 {main}
ERROR - 2022-11-10 21:14:55 --> Unknown column 'is_partner' in 'where clause'
CRITICAL - 2022-11-10 21:14:55 --> Unknown column 'is_partner' in 'where clause'
#0 C:\xampp\htdocs\angel\system\Database\MySQLi\Connection.php(292): mysqli->query('SELECT *\nFROM `...', 0)
#1 C:\xampp\htdocs\angel\system\Database\BaseConnection.php(670): CodeIgniter\Database\MySQLi\Connection->execute('SELECT *\nFROM `...')
#2 C:\xampp\htdocs\angel\system\Database\BaseConnection.php(598): CodeIgniter\Database\BaseConnection->simpleQuery('SELECT *\nFROM `...')
#3 C:\xampp\htdocs\angel\system\Database\BaseBuilder.php(1455): CodeIgniter\Database\BaseConnection->query('SELECT *\nFROM `...', Array, false)
#4 C:\xampp\htdocs\angel\app\Models\Crud.php(78): CodeIgniter\Database\BaseBuilder->get()
#5 C:\xampp\htdocs\angel\app\Controllers\Dashboard.php(390): App\Models\Crud->read_single('is_partner', 1, 'user')
#6 C:\xampp\htdocs\angel\system\CodeIgniter.php(825): App\Controllers\Dashboard->least_fuel()
#7 C:\xampp\htdocs\angel\system\CodeIgniter.php(412): CodeIgniter\CodeIgniter->runController(Object(App\Controllers\Dashboard))
#8 C:\xampp\htdocs\angel\system\CodeIgniter.php(320): CodeIgniter\CodeIgniter->handleRequest(NULL, Object(Config\Cache), false)
#9 C:\xampp\htdocs\angel\index.php(37): CodeIgniter\CodeIgniter->run()
#10 {main}
ERROR - 2022-11-10 21:14:55 --> Unknown column 'is_partner' in 'where clause'
CRITICAL - 2022-11-10 21:14:55 --> Unknown column 'is_partner' in 'where clause'
#0 C:\xampp\htdocs\angel\system\Database\MySQLi\Connection.php(292): mysqli->query('SELECT *\nFROM `...', 0)
#1 C:\xampp\htdocs\angel\system\Database\BaseConnection.php(670): CodeIgniter\Database\MySQLi\Connection->execute('SELECT *\nFROM `...')
#2 C:\xampp\htdocs\angel\system\Database\BaseConnection.php(598): CodeIgniter\Database\BaseConnection->simpleQuery('SELECT *\nFROM `...')
#3 C:\xampp\htdocs\angel\system\Database\BaseBuilder.php(1455): CodeIgniter\Database\BaseConnection->query('SELECT *\nFROM `...', Array, false)
#4 C:\xampp\htdocs\angel\app\Models\Crud.php(78): CodeIgniter\Database\BaseBuilder->get()
#5 C:\xampp\htdocs\angel\app\Controllers\Dashboard.php(302): App\Models\Crud->read_single('is_partner', 1, 'user')
#6 C:\xampp\htdocs\angel\system\CodeIgniter.php(825): App\Controllers\Dashboard->top_fuel()
#7 C:\xampp\htdocs\angel\system\CodeIgniter.php(412): CodeIgniter\CodeIgniter->runController(Object(App\Controllers\Dashboard))
#8 C:\xampp\htdocs\angel\system\CodeIgniter.php(320): CodeIgniter\CodeIgniter->handleRequest(NULL, Object(Config\Cache), false)
#9 C:\xampp\htdocs\angel\index.php(37): CodeIgniter\CodeIgniter->run()
#10 {main}
ERROR - 2022-11-10 21:14:55 --> Table 'angeldb.an_category' doesn't exist
CRITICAL - 2022-11-10 21:14:55 --> Table 'angeldb.an_category' doesn't exist
#0 C:\xampp\htdocs\angel\system\Database\MySQLi\Connection.php(292): mysqli->query('SELECT *\nFROM `...', 0)
#1 C:\xampp\htdocs\angel\system\Database\BaseConnection.php(670): CodeIgniter\Database\MySQLi\Connection->execute('SELECT *\nFROM `...')
#2 C:\xampp\htdocs\angel\system\Database\BaseConnection.php(598): CodeIgniter\Database\BaseConnection->simpleQuery('SELECT *\nFROM `...')
#3 C:\xampp\htdocs\angel\system\Database\BaseBuilder.php(1455): CodeIgniter\Database\BaseConnection->query('SELECT *\nFROM `...', Array, false)
#4 C:\xampp\htdocs\angel\app\Models\Crud.php(78): CodeIgniter\Database\BaseBuilder->get()
#5 C:\xampp\htdocs\angel\app\Models\Crud.php(155): App\Models\Crud->read_single('name', 'Petrol', 'category')
#6 C:\xampp\htdocs\angel\app\Controllers\Dashboard.php(120): App\Models\Crud->read_field('name', 'Petrol', 'category', 'id')
#7 C:\xampp\htdocs\angel\system\CodeIgniter.php(825): App\Controllers\Dashboard->sales_qty()
#8 C:\xampp\htdocs\angel\system\CodeIgniter.php(412): CodeIgniter\CodeIgniter->runController(Object(App\Controllers\Dashboard))
#9 C:\xampp\htdocs\angel\system\CodeIgniter.php(320): CodeIgniter\CodeIgniter->handleRequest(NULL, Object(Config\Cache), false)
#10 C:\xampp\htdocs\angel\index.php(37): CodeIgniter\CodeIgniter->run()
#11 {main}
