CRITICAL - 2022-09-25 15:26:14 --> Undefined variable: e_role_id
#0 C:\xampp\htdocs\fuelme\app\Views\accounts\partner_form.php(162): CodeIgniter\Debug\Exceptions->errorHandler(8, 'Undefined varia...', 'C:\\xampp\\htdocs...', 162, Array)
#1 C:\xampp\htdocs\fuelme\system\View\View.php(210): include('C:\\xampp\\htdocs...')
#2 C:\xampp\htdocs\fuelme\system\View\View.php(213): CodeIgniter\View\View->CodeIgniter\View\{closure}()
#3 C:\xampp\htdocs\fuelme\system\Common.php(1089): CodeIgniter\View\View->render('accounts/partne...', Array, true)
#4 C:\xampp\htdocs\fuelme\app\Controllers\Accounts.php(277): view('accounts/partne...', Array)
#5 C:\xampp\htdocs\fuelme\system\CodeIgniter.php(825): App\Controllers\Accounts->partner('manage')
#6 C:\xampp\htdocs\fuelme\system\CodeIgniter.php(412): CodeIgniter\CodeIgniter->runController(Object(App\Controllers\Accounts))
#7 C:\xampp\htdocs\fuelme\system\CodeIgniter.php(320): CodeIgniter\CodeIgniter->handleRequest(NULL, Object(Config\Cache), false)
#8 C:\xampp\htdocs\fuelme\index.php(37): CodeIgniter\CodeIgniter->run()
#9 {main}
CRITICAL - 2022-09-25 15:44:48 --> Undefined variable: e_role_id
#0 C:\xampp\htdocs\fuelme\app\Views\accounts\partner_form.php(162): CodeIgniter\Debug\Exceptions->errorHandler(8, 'Undefined varia...', 'C:\\xampp\\htdocs...', 162, Array)
#1 C:\xampp\htdocs\fuelme\system\View\View.php(210): include('C:\\xampp\\htdocs...')
#2 C:\xampp\htdocs\fuelme\system\View\View.php(213): CodeIgniter\View\View->CodeIgniter\View\{closure}()
#3 C:\xampp\htdocs\fuelme\system\Common.php(1089): CodeIgniter\View\View->render('accounts/partne...', Array, true)
#4 C:\xampp\htdocs\fuelme\app\Controllers\Accounts.php(277): view('accounts/partne...', Array)
#5 C:\xampp\htdocs\fuelme\system\CodeIgniter.php(825): App\Controllers\Accounts->partner('manage')
#6 C:\xampp\htdocs\fuelme\system\CodeIgniter.php(412): CodeIgniter\CodeIgniter->runController(Object(App\Controllers\Accounts))
#7 C:\xampp\htdocs\fuelme\system\CodeIgniter.php(320): CodeIgniter\CodeIgniter->handleRequest(NULL, Object(Config\Cache), false)
#8 C:\xampp\htdocs\fuelme\index.php(37): CodeIgniter\CodeIgniter->run()
#9 {main}
CRITICAL - 2022-09-25 15:44:54 --> Undefined variable: e_role_id
#0 C:\xampp\htdocs\fuelme\app\Views\accounts\partner_form.php(162): CodeIgniter\Debug\Exceptions->errorHandler(8, 'Undefined varia...', 'C:\\xampp\\htdocs...', 162, Array)
#1 C:\xampp\htdocs\fuelme\system\View\View.php(210): include('C:\\xampp\\htdocs...')
#2 C:\xampp\htdocs\fuelme\system\View\View.php(213): CodeIgniter\View\View->CodeIgniter\View\{closure}()
#3 C:\xampp\htdocs\fuelme\system\Common.php(1089): CodeIgniter\View\View->render('accounts/partne...', Array, true)
#4 C:\xampp\htdocs\fuelme\app\Controllers\Accounts.php(277): view('accounts/partne...', Array)
#5 C:\xampp\htdocs\fuelme\system\CodeIgniter.php(825): App\Controllers\Accounts->partner('manage')
#6 C:\xampp\htdocs\fuelme\system\CodeIgniter.php(412): CodeIgniter\CodeIgniter->runController(Object(App\Controllers\Accounts))
#7 C:\xampp\htdocs\fuelme\system\CodeIgniter.php(320): CodeIgniter\CodeIgniter->handleRequest(NULL, Object(Config\Cache), false)
#8 C:\xampp\htdocs\fuelme\index.php(37): CodeIgniter\CodeIgniter->run()
#9 {main}
CRITICAL - 2022-09-25 15:47:28 --> Undefined variable: e_role_id
#0 C:\xampp\htdocs\fuelme\app\Views\accounts\partner_form.php(162): CodeIgniter\Debug\Exceptions->errorHandler(8, 'Undefined varia...', 'C:\\xampp\\htdocs...', 162, Array)
#1 C:\xampp\htdocs\fuelme\system\View\View.php(210): include('C:\\xampp\\htdocs...')
#2 C:\xampp\htdocs\fuelme\system\View\View.php(213): CodeIgniter\View\View->CodeIgniter\View\{closure}()
#3 C:\xampp\htdocs\fuelme\system\Common.php(1089): CodeIgniter\View\View->render('accounts/partne...', Array, true)
#4 C:\xampp\htdocs\fuelme\app\Controllers\Accounts.php(277): view('accounts/partne...', Array)
#5 C:\xampp\htdocs\fuelme\system\CodeIgniter.php(825): App\Controllers\Accounts->partner('manage')
#6 C:\xampp\htdocs\fuelme\system\CodeIgniter.php(412): CodeIgniter\CodeIgniter->runController(Object(App\Controllers\Accounts))
#7 C:\xampp\htdocs\fuelme\system\CodeIgniter.php(320): CodeIgniter\CodeIgniter->handleRequest(NULL, Object(Config\Cache), false)
#8 C:\xampp\htdocs\fuelme\index.php(37): CodeIgniter\CodeIgniter->run()
#9 {main}
CRITICAL - 2022-09-25 15:48:33 --> Undefined variable: e_role_id
#0 C:\xampp\htdocs\fuelme\app\Views\accounts\partner_form.php(162): CodeIgniter\Debug\Exceptions->errorHandler(8, 'Undefined varia...', 'C:\\xampp\\htdocs...', 162, Array)
#1 C:\xampp\htdocs\fuelme\system\View\View.php(210): include('C:\\xampp\\htdocs...')
#2 C:\xampp\htdocs\fuelme\system\View\View.php(213): CodeIgniter\View\View->CodeIgniter\View\{closure}()
#3 C:\xampp\htdocs\fuelme\system\Common.php(1089): CodeIgniter\View\View->render('accounts/partne...', Array, true)
#4 C:\xampp\htdocs\fuelme\app\Controllers\Accounts.php(277): view('accounts/partne...', Array)
#5 C:\xampp\htdocs\fuelme\system\CodeIgniter.php(825): App\Controllers\Accounts->partner('manage')
#6 C:\xampp\htdocs\fuelme\system\CodeIgniter.php(412): CodeIgniter\CodeIgniter->runController(Object(App\Controllers\Accounts))
#7 C:\xampp\htdocs\fuelme\system\CodeIgniter.php(320): CodeIgniter\CodeIgniter->handleRequest(NULL, Object(Config\Cache), false)
#8 C:\xampp\htdocs\fuelme\index.php(37): CodeIgniter\CodeIgniter->run()
#9 {main}
CRITICAL - 2022-09-25 15:49:32 --> Undefined variable: e_role_id
#0 C:\xampp\htdocs\fuelme\app\Views\accounts\partner_form.php(162): CodeIgniter\Debug\Exceptions->errorHandler(8, 'Undefined varia...', 'C:\\xampp\\htdocs...', 162, Array)
#1 C:\xampp\htdocs\fuelme\system\View\View.php(210): include('C:\\xampp\\htdocs...')
#2 C:\xampp\htdocs\fuelme\system\View\View.php(213): CodeIgniter\View\View->CodeIgniter\View\{closure}()
#3 C:\xampp\htdocs\fuelme\system\Common.php(1089): CodeIgniter\View\View->render('accounts/partne...', Array, true)
#4 C:\xampp\htdocs\fuelme\app\Controllers\Accounts.php(277): view('accounts/partne...', Array)
#5 C:\xampp\htdocs\fuelme\system\CodeIgniter.php(825): App\Controllers\Accounts->partner('manage')
#6 C:\xampp\htdocs\fuelme\system\CodeIgniter.php(412): CodeIgniter\CodeIgniter->runController(Object(App\Controllers\Accounts))
#7 C:\xampp\htdocs\fuelme\system\CodeIgniter.php(320): CodeIgniter\CodeIgniter->handleRequest(NULL, Object(Config\Cache), false)
#8 C:\xampp\htdocs\fuelme\index.php(37): CodeIgniter\CodeIgniter->run()
#9 {main}
CRITICAL - 2022-09-25 16:54:24 --> Argument 1 passed to CodeIgniter\Database\BaseBuilder::get() must be of the type int or null, string given, called in C:\xampp\htdocs\fuelme\app\Models\Crud.php on line 53
#0 C:\xampp\htdocs\fuelme\app\Models\Crud.php(53): CodeIgniter\Database\BaseBuilder->get('name', 'asc')
#1 C:\xampp\htdocs\fuelme\app\Controllers\Accounts.php(287): App\Models\Crud->read_order('country_id', '4', 'state', 'name', 'asc')
#2 C:\xampp\htdocs\fuelme\system\CodeIgniter.php(825): App\Controllers\Accounts->get_state('4')
#3 C:\xampp\htdocs\fuelme\system\CodeIgniter.php(412): CodeIgniter\CodeIgniter->runController(Object(App\Controllers\Accounts))
#4 C:\xampp\htdocs\fuelme\system\CodeIgniter.php(320): CodeIgniter\CodeIgniter->handleRequest(NULL, Object(Config\Cache), false)
#5 C:\xampp\htdocs\fuelme\index.php(37): CodeIgniter\CodeIgniter->run()
#6 {main}
ERROR - 2022-09-25 19:14:25 --> Table 'fuelmedb.fl_categories' doesn't exist
CRITICAL - 2022-09-25 19:14:25 --> Table 'fuelmedb.fl_categories' doesn't exist
#0 C:\xampp\htdocs\fuelme\system\Database\MySQLi\Connection.php(292): mysqli->query('SELECT *\nFROM `...', 0)
#1 C:\xampp\htdocs\fuelme\system\Database\BaseConnection.php(670): CodeIgniter\Database\MySQLi\Connection->execute('SELECT *\nFROM `...')
#2 C:\xampp\htdocs\fuelme\system\Database\BaseConnection.php(598): CodeIgniter\Database\BaseConnection->simpleQuery('SELECT *\nFROM `...')
#3 C:\xampp\htdocs\fuelme\system\Database\BaseBuilder.php(1455): CodeIgniter\Database\BaseConnection->query('SELECT *\nFROM `...', Array, false)
#4 C:\xampp\htdocs\fuelme\app\Models\Crud.php(57): CodeIgniter\Database\BaseBuilder->get()
#5 C:\xampp\htdocs\fuelme\app\Views\accounts\partner_form.php(162): App\Models\Crud->read_order('categories', 'name', 'asc')
#6 C:\xampp\htdocs\fuelme\system\View\View.php(210): include('C:\\xampp\\htdocs...')
#7 C:\xampp\htdocs\fuelme\system\View\View.php(213): CodeIgniter\View\View->CodeIgniter\View\{closure}()
#8 C:\xampp\htdocs\fuelme\system\Common.php(1089): CodeIgniter\View\View->render('accounts/partne...', Array, true)
#9 C:\xampp\htdocs\fuelme\app\Controllers\Accounts.php(277): view('accounts/partne...', Array)
#10 C:\xampp\htdocs\fuelme\system\CodeIgniter.php(825): App\Controllers\Accounts->partner('manage')
#11 C:\xampp\htdocs\fuelme\system\CodeIgniter.php(412): CodeIgniter\CodeIgniter->runController(Object(App\Controllers\Accounts))
#12 C:\xampp\htdocs\fuelme\system\CodeIgniter.php(320): CodeIgniter\CodeIgniter->handleRequest(NULL, Object(Config\Cache), false)
#13 C:\xampp\htdocs\fuelme\index.php(37): CodeIgniter\CodeIgniter->run()
#14 {main}
ERROR - 2022-09-25 19:58:15 --> Unknown column 'logo' in 'field list'
CRITICAL - 2022-09-25 19:58:15 --> Unknown column 'logo' in 'field list'
#0 C:\xampp\htdocs\fuelme\system\Database\MySQLi\Connection.php(292): mysqli->query('INSERT INTO `fl...', 0)
#1 C:\xampp\htdocs\fuelme\system\Database\BaseConnection.php(670): CodeIgniter\Database\MySQLi\Connection->execute('INSERT INTO `fl...')
#2 C:\xampp\htdocs\fuelme\system\Database\BaseConnection.php(598): CodeIgniter\Database\BaseConnection->simpleQuery('INSERT INTO `fl...')
#3 C:\xampp\htdocs\fuelme\system\Database\BaseBuilder.php(1771): CodeIgniter\Database\BaseConnection->query('INSERT INTO `fl...', Array, false)
#4 C:\xampp\htdocs\fuelme\app\Models\Crud.php(18): CodeIgniter\Database\BaseBuilder->insert(Array)
#5 C:\xampp\htdocs\fuelme\app\Controllers\Accounts.php(172): App\Models\Crud->create('user', Array)
#6 C:\xampp\htdocs\fuelme\system\CodeIgniter.php(825): App\Controllers\Accounts->partner('manage')
#7 C:\xampp\htdocs\fuelme\system\CodeIgniter.php(412): CodeIgniter\CodeIgniter->runController(Object(App\Controllers\Accounts))
#8 C:\xampp\htdocs\fuelme\system\CodeIgniter.php(320): CodeIgniter\CodeIgniter->handleRequest(NULL, Object(Config\Cache), false)
#9 C:\xampp\htdocs\fuelme\index.php(37): CodeIgniter\CodeIgniter->run()
#10 {main}
CRITICAL - 2022-09-25 20:09:45 --> Call to a member function getName() on string
#0 C:\xampp\htdocs\fuelme\app\Controllers\Accounts.php(131): App\Models\Crud->img_upload(0, '', 'assets/images/p...')
#1 C:\xampp\htdocs\fuelme\system\CodeIgniter.php(825): App\Controllers\Accounts->partner('manage')
#2 C:\xampp\htdocs\fuelme\system\CodeIgniter.php(412): CodeIgniter\CodeIgniter->runController(Object(App\Controllers\Accounts))
#3 C:\xampp\htdocs\fuelme\system\CodeIgniter.php(320): CodeIgniter\CodeIgniter->handleRequest(NULL, Object(Config\Cache), false)
#4 C:\xampp\htdocs\fuelme\index.php(37): CodeIgniter\CodeIgniter->run()
#5 {main}
CRITICAL - 2022-09-25 20:17:06 --> mkdir(): No such file or directory
#0 [internal function]: CodeIgniter\Debug\Exceptions->errorHandler(2, 'mkdir(): No suc...', 'C:\\xampp\\htdocs...', 557, Array)
#1 C:\xampp\htdocs\fuelme\app\Models\Crud.php(557): mkdir('assets/backend/...', 493)
#2 C:\xampp\htdocs\fuelme\app\Controllers\Accounts.php(134): App\Models\Crud->img_upload('assets/backend/...', Object(CodeIgniter\HTTP\Files\UploadedFile))
#3 C:\xampp\htdocs\fuelme\system\CodeIgniter.php(825): App\Controllers\Accounts->partner('manage')
#4 C:\xampp\htdocs\fuelme\system\CodeIgniter.php(412): CodeIgniter\CodeIgniter->runController(Object(App\Controllers\Accounts))
#5 C:\xampp\htdocs\fuelme\system\CodeIgniter.php(320): CodeIgniter\CodeIgniter->handleRequest(NULL, Object(Config\Cache), false)
#6 C:\xampp\htdocs\fuelme\index.php(37): CodeIgniter\CodeIgniter->run()
#7 {main}
CRITICAL - 2022-09-25 20:22:27 --> mkdir(): No such file or directory
#0 [internal function]: CodeIgniter\Debug\Exceptions->errorHandler(2, 'mkdir(): No suc...', 'C:\\xampp\\htdocs...', 557, Array)
#1 C:\xampp\htdocs\fuelme\app\Models\Crud.php(557): mkdir('assets/backend/...', 493)
#2 C:\xampp\htdocs\fuelme\app\Controllers\Accounts.php(134): App\Models\Crud->img_upload('assets/backend/...', Object(CodeIgniter\HTTP\Files\UploadedFile))
#3 C:\xampp\htdocs\fuelme\system\CodeIgniter.php(825): App\Controllers\Accounts->partner('manage')
#4 C:\xampp\htdocs\fuelme\system\CodeIgniter.php(412): CodeIgniter\CodeIgniter->runController(Object(App\Controllers\Accounts))
#5 C:\xampp\htdocs\fuelme\system\CodeIgniter.php(320): CodeIgniter\CodeIgniter->handleRequest(NULL, Object(Config\Cache), false)
#6 C:\xampp\htdocs\fuelme\index.php(37): CodeIgniter\CodeIgniter->run()
#7 {main}
CRITICAL - 2022-09-25 20:24:00 --> mkdir(): No such file or directory
#0 [internal function]: CodeIgniter\Debug\Exceptions->errorHandler(2, 'mkdir(): No suc...', 'C:\\xampp\\htdocs...', 557, Array)
#1 C:\xampp\htdocs\fuelme\app\Models\Crud.php(557): mkdir('assets/backend/...', 493)
#2 C:\xampp\htdocs\fuelme\app\Controllers\Accounts.php(134): App\Models\Crud->img_upload('assets/backend/...', Object(CodeIgniter\HTTP\Files\UploadedFile))
#3 C:\xampp\htdocs\fuelme\system\CodeIgniter.php(825): App\Controllers\Accounts->partner('manage')
#4 C:\xampp\htdocs\fuelme\system\CodeIgniter.php(412): CodeIgniter\CodeIgniter->runController(Object(App\Controllers\Accounts))
#5 C:\xampp\htdocs\fuelme\system\CodeIgniter.php(320): CodeIgniter\CodeIgniter->handleRequest(NULL, Object(Config\Cache), false)
#6 C:\xampp\htdocs\fuelme\index.php(37): CodeIgniter\CodeIgniter->run()
#7 {main}
CRITICAL - 2022-09-25 20:29:41 --> mkdir(): No such file or directory
#0 [internal function]: CodeIgniter\Debug\Exceptions->errorHandler(2, 'mkdir(): No suc...', 'C:\\xampp\\htdocs...', 557, Array)
#1 C:\xampp\htdocs\fuelme\app\Models\Crud.php(557): mkdir('assets/backend/...', 493)
#2 C:\xampp\htdocs\fuelme\app\Controllers\Accounts.php(134): App\Models\Crud->img_upload('assets/backend/...', Object(CodeIgniter\HTTP\Files\UploadedFile))
#3 C:\xampp\htdocs\fuelme\system\CodeIgniter.php(825): App\Controllers\Accounts->partner('manage')
#4 C:\xampp\htdocs\fuelme\system\CodeIgniter.php(412): CodeIgniter\CodeIgniter->runController(Object(App\Controllers\Accounts))
#5 C:\xampp\htdocs\fuelme\system\CodeIgniter.php(320): CodeIgniter\CodeIgniter->handleRequest(NULL, Object(Config\Cache), false)
#6 C:\xampp\htdocs\fuelme\index.php(37): CodeIgniter\CodeIgniter->run()
#7 {main}
CRITICAL - 2022-09-25 20:31:27 --> mkdir(): No such file or directory
#0 [internal function]: CodeIgniter\Debug\Exceptions->errorHandler(2, 'mkdir(): No suc...', 'C:\\xampp\\htdocs...', 557, Array)
#1 C:\xampp\htdocs\fuelme\app\Models\Crud.php(557): mkdir('assets/backend/...', 493)
#2 C:\xampp\htdocs\fuelme\app\Controllers\Accounts.php(134): App\Models\Crud->img_upload('assets/backend/...', Object(CodeIgniter\HTTP\Files\UploadedFile))
#3 C:\xampp\htdocs\fuelme\system\CodeIgniter.php(825): App\Controllers\Accounts->partner('manage')
#4 C:\xampp\htdocs\fuelme\system\CodeIgniter.php(412): CodeIgniter\CodeIgniter->runController(Object(App\Controllers\Accounts))
#5 C:\xampp\htdocs\fuelme\system\CodeIgniter.php(320): CodeIgniter\CodeIgniter->handleRequest(NULL, Object(Config\Cache), false)
#6 C:\xampp\htdocs\fuelme\index.php(37): CodeIgniter\CodeIgniter->run()
#7 {main}
CRITICAL - 2022-09-25 20:34:09 --> mkdir(): No such file or directory
#0 [internal function]: CodeIgniter\Debug\Exceptions->errorHandler(2, 'mkdir(): No suc...', 'C:\\xampp\\htdocs...', 557, Array)
#1 C:\xampp\htdocs\fuelme\app\Models\Crud.php(557): mkdir('assets/backend/...', 493)
#2 C:\xampp\htdocs\fuelme\app\Controllers\Accounts.php(134): App\Models\Crud->img_upload('assets/backend/...', Object(CodeIgniter\HTTP\Files\UploadedFile))
#3 C:\xampp\htdocs\fuelme\system\CodeIgniter.php(825): App\Controllers\Accounts->partner('manage')
#4 C:\xampp\htdocs\fuelme\system\CodeIgniter.php(412): CodeIgniter\CodeIgniter->runController(Object(App\Controllers\Accounts))
#5 C:\xampp\htdocs\fuelme\system\CodeIgniter.php(320): CodeIgniter\CodeIgniter->handleRequest(NULL, Object(Config\Cache), false)
#6 C:\xampp\htdocs\fuelme\index.php(37): CodeIgniter\CodeIgniter->run()
#7 {main}
CRITICAL - 2022-09-25 20:36:10 --> mkdir(): No such file or directory
#0 [internal function]: CodeIgniter\Debug\Exceptions->errorHandler(2, 'mkdir(): No suc...', 'C:\\xampp\\htdocs...', 588, Array)
#1 C:\xampp\htdocs\fuelme\app\Models\Crud.php(588): mkdir('assets/backend/...', 493)
#2 C:\xampp\htdocs\fuelme\app\Controllers\Accounts.php(134): App\Models\Crud->file_upload('assets/backend/...', Object(CodeIgniter\HTTP\Files\UploadedFile))
#3 C:\xampp\htdocs\fuelme\system\CodeIgniter.php(825): App\Controllers\Accounts->partner('manage')
#4 C:\xampp\htdocs\fuelme\system\CodeIgniter.php(412): CodeIgniter\CodeIgniter->runController(Object(App\Controllers\Accounts))
#5 C:\xampp\htdocs\fuelme\system\CodeIgniter.php(320): CodeIgniter\CodeIgniter->handleRequest(NULL, Object(Config\Cache), false)
#6 C:\xampp\htdocs\fuelme\index.php(37): CodeIgniter\CodeIgniter->run()
#7 {main}
CRITICAL - 2022-09-25 21:00:23 --> syntax error, unexpected ';', expecting ')'
#0 C:\xampp\htdocs\fuelme\system\View\View.php(213): CodeIgniter\View\View->CodeIgniter\View\{closure}()
#1 C:\xampp\htdocs\fuelme\system\Common.php(1089): CodeIgniter\View\View->render('accounts/partne...', Array, true)
#2 C:\xampp\htdocs\fuelme\app\Controllers\Accounts.php(357): view('accounts/partne...', Array)
#3 C:\xampp\htdocs\fuelme\system\CodeIgniter.php(825): App\Controllers\Accounts->partner('manage')
#4 C:\xampp\htdocs\fuelme\system\CodeIgniter.php(412): CodeIgniter\CodeIgniter->runController(Object(App\Controllers\Accounts))
#5 C:\xampp\htdocs\fuelme\system\CodeIgniter.php(320): CodeIgniter\CodeIgniter->handleRequest(NULL, Object(Config\Cache), false)
#6 C:\xampp\htdocs\fuelme\index.php(37): CodeIgniter\CodeIgniter->run()
#7 {main}
CRITICAL - 2022-09-25 21:01:05 --> syntax error, unexpected '}', expecting ')'
#0 C:\xampp\htdocs\fuelme\system\View\View.php(213): CodeIgniter\View\View->CodeIgniter\View\{closure}()
#1 C:\xampp\htdocs\fuelme\system\Common.php(1089): CodeIgniter\View\View->render('accounts/partne...', Array, true)
#2 C:\xampp\htdocs\fuelme\app\Controllers\Accounts.php(357): view('accounts/partne...', Array)
#3 C:\xampp\htdocs\fuelme\system\CodeIgniter.php(825): App\Controllers\Accounts->partner('manage', 'edit', '4')
#4 C:\xampp\htdocs\fuelme\system\CodeIgniter.php(412): CodeIgniter\CodeIgniter->runController(Object(App\Controllers\Accounts))
#5 C:\xampp\htdocs\fuelme\system\CodeIgniter.php(320): CodeIgniter\CodeIgniter->handleRequest(NULL, Object(Config\Cache), false)
#6 C:\xampp\htdocs\fuelme\index.php(37): CodeIgniter\CodeIgniter->run()
#7 {main}
