CRITICAL - 2022-10-27 09:45:14 --> Undefined property: stdClass::$bank
#0 C:\xampp\htdocs\fuelme\app\Controllers\Product.php(342): CodeIgniter\Debug\Exceptions->errorHandler(8, 'Undefined prope...', 'C:\\xampp\\htdocs...', 342, Array)
#1 C:\xampp\htdocs\fuelme\system\CodeIgniter.php(825): App\Controllers\Product->branch('manage', 'account', '3')
#2 C:\xampp\htdocs\fuelme\system\CodeIgniter.php(412): CodeIgniter\CodeIgniter->runController(Object(App\Controllers\Product))
#3 C:\xampp\htdocs\fuelme\system\CodeIgniter.php(320): CodeIgniter\CodeIgniter->handleRequest(NULL, Object(Config\Cache), false)
#4 C:\xampp\htdocs\fuelme\index.php(37): CodeIgniter\CodeIgniter->run()
#5 {main}
CRITICAL - 2022-10-27 10:53:30 --> syntax error, unexpected 'public' (T_PUBLIC)
#0 C:\xampp\htdocs\fuelme\system\Router\Router.php(175): CodeIgniter\Router\Router->autoRoute('wallets/list')
#1 C:\xampp\htdocs\fuelme\system\CodeIgniter.php(719): CodeIgniter\Router\Router->handle('wallets/list')
#2 C:\xampp\htdocs\fuelme\system\CodeIgniter.php(361): CodeIgniter\CodeIgniter->tryToRouteIt(Object(CodeIgniter\Router\RouteCollection))
#3 C:\xampp\htdocs\fuelme\system\CodeIgniter.php(320): CodeIgniter\CodeIgniter->handleRequest(NULL, Object(Config\Cache), false)
#4 C:\xampp\htdocs\fuelme\index.php(37): CodeIgniter\CodeIgniter->run()
#5 {main}
CRITICAL - 2022-10-27 13:55:27 --> You must set the database table to be used with your query.
#0 C:\xampp\htdocs\fuelme\system\Model.php(545): CodeIgniter\Database\BaseConnection->table(NULL)
#1 C:\xampp\htdocs\fuelme\system\Model.php(693): CodeIgniter\Model->builder()
#2 C:\xampp\htdocs\fuelme\app\Models\Crud.php(1093): CodeIgniter\Model->__get('Crud')
#3 C:\xampp\htdocs\fuelme\app\Controllers\Wallets.php(232): App\Models\Crud->filter_wallet(25, 0, '3', 'all', 'all', 'all', '', '', '', '', '', '')
#4 C:\xampp\htdocs\fuelme\system\CodeIgniter.php(825): App\Controllers\Wallets->list('load')
#5 C:\xampp\htdocs\fuelme\system\CodeIgniter.php(412): CodeIgniter\CodeIgniter->runController(Object(App\Controllers\Wallets))
#6 C:\xampp\htdocs\fuelme\system\CodeIgniter.php(320): CodeIgniter\CodeIgniter->handleRequest(NULL, Object(Config\Cache), false)
#7 C:\xampp\htdocs\fuelme\index.php(37): CodeIgniter\CodeIgniter->run()
#8 {main}
CRITICAL - 2022-10-27 14:33:33 --> You must set the database table to be used with your query.
#0 C:\xampp\htdocs\fuelme\system\Model.php(545): CodeIgniter\Database\BaseConnection->table(NULL)
#1 C:\xampp\htdocs\fuelme\system\Model.php(693): CodeIgniter\Model->builder()
#2 C:\xampp\htdocs\fuelme\app\Models\Crud.php(1093): CodeIgniter\Model->__get('Crud')
#3 C:\xampp\htdocs\fuelme\app\Controllers\Wallets.php(232): App\Models\Crud->filter_wallet(25, 0, '3', 'all', 'all', 'all', '', '', '', '', '', '')
#4 C:\xampp\htdocs\fuelme\system\CodeIgniter.php(825): App\Controllers\Wallets->list('load')
#5 C:\xampp\htdocs\fuelme\system\CodeIgniter.php(412): CodeIgniter\CodeIgniter->runController(Object(App\Controllers\Wallets))
#6 C:\xampp\htdocs\fuelme\system\CodeIgniter.php(320): CodeIgniter\CodeIgniter->handleRequest(NULL, Object(Config\Cache), false)
#7 C:\xampp\htdocs\fuelme\index.php(37): CodeIgniter\CodeIgniter->run()
#8 {main}
CRITICAL - 2022-10-27 14:37:26 --> syntax error, unexpected 'else' (T_ELSE)
#0 C:\xampp\htdocs\fuelme\system\Autoloader\Autoloader.php(241): CodeIgniter\Autoloader\Autoloader->includeFile('C:\\xampp\\htdocs...')
#1 C:\xampp\htdocs\fuelme\system\Autoloader\Autoloader.php(219): CodeIgniter\Autoloader\Autoloader->loadInNamespace('App\\Models\\Crud')
#2 [internal function]: CodeIgniter\Autoloader\Autoloader->loadClass('App\\Models\\Crud')
#3 C:\xampp\htdocs\fuelme\app\Controllers\BaseController.php(51): spl_autoload_call('App\\Models\\Crud')
#4 C:\xampp\htdocs\fuelme\system\CodeIgniter.php(803): App\Controllers\BaseController->initController(Object(CodeIgniter\HTTP\IncomingRequest), Object(CodeIgniter\HTTP\Response), Object(CodeIgniter\Log\Logger))
#5 C:\xampp\htdocs\fuelme\system\CodeIgniter.php(403): CodeIgniter\CodeIgniter->createController()
#6 C:\xampp\htdocs\fuelme\system\CodeIgniter.php(320): CodeIgniter\CodeIgniter->handleRequest(NULL, Object(Config\Cache), false)
#7 C:\xampp\htdocs\fuelme\index.php(37): CodeIgniter\CodeIgniter->run()
#8 {main}
CRITICAL - 2022-10-27 14:38:28 --> You must set the database table to be used with your query.
#0 C:\xampp\htdocs\fuelme\system\Model.php(545): CodeIgniter\Database\BaseConnection->table(NULL)
#1 C:\xampp\htdocs\fuelme\system\Model.php(693): CodeIgniter\Model->builder()
#2 C:\xampp\htdocs\fuelme\app\Models\Crud.php(1095): CodeIgniter\Model->__get('Crud')
#3 C:\xampp\htdocs\fuelme\app\Controllers\Wallets.php(232): App\Models\Crud->filter_wallet(25, 0, '3', 'all', 'all', 'all', '', '', '', '', '', '')
#4 C:\xampp\htdocs\fuelme\system\CodeIgniter.php(825): App\Controllers\Wallets->list('load')
#5 C:\xampp\htdocs\fuelme\system\CodeIgniter.php(412): CodeIgniter\CodeIgniter->runController(Object(App\Controllers\Wallets))
#6 C:\xampp\htdocs\fuelme\system\CodeIgniter.php(320): CodeIgniter\CodeIgniter->handleRequest(NULL, Object(Config\Cache), false)
#7 C:\xampp\htdocs\fuelme\index.php(37): CodeIgniter\CodeIgniter->run()
#8 {main}
CRITICAL - 2022-10-27 14:39:50 --> You must set the database table to be used with your query.
#0 C:\xampp\htdocs\fuelme\system\Model.php(545): CodeIgniter\Database\BaseConnection->table(NULL)
#1 C:\xampp\htdocs\fuelme\system\Model.php(693): CodeIgniter\Model->builder()
#2 C:\xampp\htdocs\fuelme\app\Models\Crud.php(1095): CodeIgniter\Model->__get('Crud')
#3 C:\xampp\htdocs\fuelme\app\Controllers\Wallets.php(232): App\Models\Crud->filter_wallet(25, 0, '3', 'all', 'all', 'all', '', '', '', '', '', '')
#4 C:\xampp\htdocs\fuelme\system\CodeIgniter.php(825): App\Controllers\Wallets->list('load')
#5 C:\xampp\htdocs\fuelme\system\CodeIgniter.php(412): CodeIgniter\CodeIgniter->runController(Object(App\Controllers\Wallets))
#6 C:\xampp\htdocs\fuelme\system\CodeIgniter.php(320): CodeIgniter\CodeIgniter->handleRequest(NULL, Object(Config\Cache), false)
#7 C:\xampp\htdocs\fuelme\index.php(37): CodeIgniter\CodeIgniter->run()
#8 {main}
