CRITICAL - 2022-10-03 12:08:22 --> Undefined variable: partner
#0 C:\xampp\htdocs\fuelme\app\Controllers\Product.php(270): CodeIgniter\Debug\Exceptions->errorHandler(8, 'Undefined varia...', 'C:\\xampp\\htdocs...', 270, Array)
#1 C:\xampp\htdocs\fuelme\system\CodeIgniter.php(825): App\Controllers\Product->pump('load')
#2 C:\xampp\htdocs\fuelme\system\CodeIgniter.php(412): CodeIgniter\CodeIgniter->runController(Object(App\Controllers\Product))
#3 C:\xampp\htdocs\fuelme\system\CodeIgniter.php(320): CodeIgniter\CodeIgniter->handleRequest(NULL, Object(Config\Cache), false)
#4 C:\xampp\htdocs\fuelme\index.php(37): CodeIgniter\CodeIgniter->run()
#5 {main}
ERROR - 2022-10-03 14:53:22 --> Unknown column 'asc' in 'order clause'
CRITICAL - 2022-10-03 14:53:22 --> Unknown column 'asc' in 'order clause'
#0 C:\xampp\htdocs\fuelme\system\Database\MySQLi\Connection.php(292): mysqli->query('SELECT *\nFROM `...', 0)
#1 C:\xampp\htdocs\fuelme\system\Database\BaseConnection.php(670): CodeIgniter\Database\MySQLi\Connection->execute('SELECT *\nFROM `...')
#2 C:\xampp\htdocs\fuelme\system\Database\BaseConnection.php(598): CodeIgniter\Database\BaseConnection->simpleQuery('SELECT *\nFROM `...')
#3 C:\xampp\htdocs\fuelme\system\Database\BaseBuilder.php(1455): CodeIgniter\Database\BaseConnection->query('SELECT *\nFROM `...', Array, false)
#4 C:\xampp\htdocs\fuelme\app\Models\Crud.php(99): CodeIgniter\Database\BaseBuilder->get()
#5 C:\xampp\htdocs\fuelme\app\Views\product\pump.php(48): App\Models\Crud->read_single_order('role_id', 3, 'user', 'asc', 'fullname')
#6 C:\xampp\htdocs\fuelme\system\View\View.php(210): include('C:\\xampp\\htdocs...')
#7 C:\xampp\htdocs\fuelme\system\View\View.php(213): CodeIgniter\View\View->CodeIgniter\View\{closure}()
#8 C:\xampp\htdocs\fuelme\system\Common.php(1089): CodeIgniter\View\View->render('product/pump', Array, true)
#9 C:\xampp\htdocs\fuelme\app\Controllers\Product.php(283): view('product/pump', Array)
#10 C:\xampp\htdocs\fuelme\system\CodeIgniter.php(825): App\Controllers\Product->pump()
#11 C:\xampp\htdocs\fuelme\system\CodeIgniter.php(412): CodeIgniter\CodeIgniter->runController(Object(App\Controllers\Product))
#12 C:\xampp\htdocs\fuelme\system\CodeIgniter.php(320): CodeIgniter\CodeIgniter->handleRequest(NULL, Object(Config\Cache), false)
#13 C:\xampp\htdocs\fuelme\index.php(37): CodeIgniter\CodeIgniter->run()
#14 {main}
